{"/home/travis/build/npmtest/node-npmtest-search-index/test.js":{"path":"/home/travis/build/npmtest/node-npmtest-search-index/test.js","s":{"1":2,"2":2,"3":2,"4":2,"5":2,"6":2,"7":2,"8":1,"9":2,"10":2,"11":1,"12":1,"13":1,"14":1,"15":2,"16":2,"17":2,"18":2,"19":1,"20":1,"21":2,"22":2,"23":2,"24":1,"25":1,"26":1,"27":1,"28":1,"29":1,"30":1,"31":1,"32":1,"33":1,"34":1,"35":1,"36":1,"37":1,"38":1,"39":2,"40":2,"41":1,"42":2,"43":2,"44":1,"45":2,"46":2,"47":1,"48":2,"49":2,"50":1,"51":1,"52":1,"53":1,"54":1},"b":{"1":[2,1,1,1],"2":[1,1,1,1],"3":[1,1],"4":[1,1],"5":[1,1],"6":[1,1],"7":[1,1],"8":[1,1],"9":[1,1],"10":[1,1,1],"11":[1,1],"12":[1,1],"13":[1,1],"14":[1,1],"15":[1,1],"16":[1,1],"17":[1,1]},"f":{"1":2,"2":2,"3":2,"4":2,"5":2,"6":1,"7":1,"8":1,"9":2,"10":2,"11":2,"12":2,"13":1},"fnMap":{"1":{"name":"(anonymous_1)","line":12,"loc":{"start":{"line":12,"column":1},"end":{"line":12,"column":13}}},"2":{"name":"(anonymous_2)","line":19,"loc":{"start":{"line":19,"column":5},"end":{"line":19,"column":17}}},"3":{"name":"(anonymous_3)","line":23,"loc":{"start":{"line":23,"column":24},"end":{"line":23,"column":36}}},"4":{"name":"(anonymous_4)","line":61,"loc":{"start":{"line":61,"column":5},"end":{"line":61,"column":17}}},"5":{"name":"(anonymous_5)","line":82,"loc":{"start":{"line":82,"column":5},"end":{"line":82,"column":17}}},"6":{"name":"(anonymous_6)","line":91,"loc":{"start":{"line":91,"column":77},"end":{"line":94,"column":10}}},"7":{"name":"(anonymous_7)","line":112,"loc":{"start":{"line":112,"column":83},"end":{"line":115,"column":10}},"skip":true},"8":{"name":"(anonymous_8)","line":123,"loc":{"start":{"line":123,"column":77},"end":{"line":126,"column":10}},"skip":true},"9":{"name":"(anonymous_9)","line":139,"loc":{"start":{"line":139,"column":12},"end":{"line":139,"column":40}},"skip":true},"10":{"name":"(anonymous_10)","line":147,"loc":{"start":{"line":147,"column":77},"end":{"line":150,"column":10}},"skip":true},"11":{"name":"(anonymous_11)","line":158,"loc":{"start":{"line":158,"column":83},"end":{"line":161,"column":10}},"skip":true},"12":{"name":"(anonymous_12)","line":169,"loc":{"start":{"line":169,"column":79},"end":{"line":172,"column":10}},"skip":true},"13":{"name":"(anonymous_13)","line":180,"loc":{"start":{"line":180,"column":75},"end":{"line":183,"column":10}},"skip":true}},"statementMap":{"1":{"start":{"line":12,"column":0},"end":{"line":195,"column":5}},"2":{"start":{"line":14,"column":4},"end":{"line":14,"column":14}},"3":{"start":{"line":19,"column":4},"end":{"line":56,"column":9}},"4":{"start":{"line":21,"column":8},"end":{"line":21,"column":19}},"5":{"start":{"line":23,"column":8},"end":{"line":35,"column":13}},"6":{"start":{"line":24,"column":12},"end":{"line":34,"column":13}},"7":{"start":{"line":25,"column":16},"end":{"line":28,"column":30}},"8":{"start":{"line":30,"column":16},"end":{"line":33,"column":27}},"9":{"start":{"line":37,"column":8},"end":{"line":39,"column":21}},"10":{"start":{"line":40,"column":8},"end":{"line":53,"column":9}},"11":{"start":{"line":43,"column":12},"end":{"line":46,"column":14}},"12":{"start":{"line":47,"column":12},"end":{"line":47,"column":18}},"13":{"start":{"line":50,"column":12},"end":{"line":51,"column":33}},"14":{"start":{"line":52,"column":12},"end":{"line":52,"column":18}},"15":{"start":{"line":55,"column":8},"end":{"line":55,"column":35}},"16":{"start":{"line":61,"column":4},"end":{"line":63,"column":9}},"17":{"start":{"line":62,"column":8},"end":{"line":62,"column":15}},"18":{"start":{"line":64,"column":4},"end":{"line":77,"column":5}},"19":{"start":{"line":70,"column":8},"end":{"line":70,"column":14}},"20":{"start":{"line":76,"column":8},"end":{"line":76,"column":14}},"21":{"start":{"line":82,"column":4},"end":{"line":84,"column":9}},"22":{"start":{"line":83,"column":8},"end":{"line":83,"column":15}},"23":{"start":{"line":85,"column":4},"end":{"line":194,"column":5}},"24":{"start":{"line":91,"column":8},"end":{"line":99,"column":10}},"25":{"start":{"line":98,"column":12},"end":{"line":98,"column":35}},"26":{"start":{"line":102,"column":8},"end":{"line":104,"column":63}},"27":{"start":{"line":105,"column":8},"end":{"line":105,"column":14}},"28":{"start":{"line":112,"column":8},"end":{"line":121,"column":10},"skip":true},"29":{"start":{"line":119,"column":12},"end":{"line":119,"column":55},"skip":true},"30":{"start":{"line":120,"column":12},"end":{"line":120,"column":48},"skip":true},"31":{"start":{"line":123,"column":8},"end":{"line":136,"column":10},"skip":true},"32":{"start":{"line":130,"column":12},"end":{"line":130,"column":76},"skip":true},"33":{"start":{"line":131,"column":12},"end":{"line":131,"column":73},"skip":true},"34":{"start":{"line":132,"column":12},"end":{"line":132,"column":74},"skip":true},"35":{"start":{"line":133,"column":12},"end":{"line":133,"column":79},"skip":true},"36":{"start":{"line":134,"column":12},"end":{"line":134,"column":25},"skip":true},"37":{"start":{"line":135,"column":12},"end":{"line":135,"column":45},"skip":true},"38":{"start":{"line":138,"column":8},"end":{"line":145,"column":14},"skip":true},"39":{"start":{"line":143,"column":16},"end":{"line":143,"column":29},"skip":true},"40":{"start":{"line":144,"column":16},"end":{"line":144,"column":55},"skip":true},"41":{"start":{"line":147,"column":8},"end":{"line":156,"column":10},"skip":true},"42":{"start":{"line":154,"column":12},"end":{"line":154,"column":25},"skip":true},"43":{"start":{"line":155,"column":12},"end":{"line":155,"column":45},"skip":true},"44":{"start":{"line":158,"column":8},"end":{"line":167,"column":10},"skip":true},"45":{"start":{"line":165,"column":12},"end":{"line":165,"column":25},"skip":true},"46":{"start":{"line":166,"column":12},"end":{"line":166,"column":48},"skip":true},"47":{"start":{"line":169,"column":8},"end":{"line":178,"column":10},"skip":true},"48":{"start":{"line":176,"column":12},"end":{"line":176,"column":25},"skip":true},"49":{"start":{"line":177,"column":12},"end":{"line":177,"column":46},"skip":true},"50":{"start":{"line":180,"column":8},"end":{"line":189,"column":10},"skip":true},"51":{"start":{"line":187,"column":12},"end":{"line":187,"column":94},"skip":true},"52":{"start":{"line":188,"column":12},"end":{"line":188,"column":48},"skip":true},"53":{"start":{"line":192,"column":8},"end":{"line":192,"column":35},"skip":true},"54":{"start":{"line":193,"column":8},"end":{"line":193,"column":14},"skip":true}},"branchMap":{"1":{"line":25,"type":"binary-expr","locations":[{"start":{"line":25,"column":23},"end":{"line":25,"column":62}},{"start":{"line":26,"column":20},"end":{"line":26,"column":70}},{"start":{"line":27,"column":20},"end":{"line":27,"column":71}},{"start":{"line":28,"column":20},"end":{"line":28,"column":29}}]},"2":{"line":30,"type":"binary-expr","locations":[{"start":{"line":30,"column":23},"end":{"line":30,"column":37}},{"start":{"line":31,"column":20},"end":{"line":31,"column":61}},{"start":{"line":32,"column":20},"end":{"line":32,"column":70}},{"start":{"line":33,"column":20},"end":{"line":33,"column":26}}]},"3":{"line":37,"type":"cond-expr","locations":[{"start":{"line":38,"column":14},"end":{"line":38,"column":20}},{"start":{"line":39,"column":14},"end":{"line":39,"column":20}}]},"4":{"line":40,"type":"switch","locations":[{"start":{"line":42,"column":8},"end":{"line":47,"column":18}},{"start":{"line":49,"column":8},"end":{"line":52,"column":18}}]},"5":{"line":44,"type":"binary-expr","locations":[{"start":{"line":44,"column":16},"end":{"line":44,"column":44}},{"start":{"line":44,"column":48},"end":{"line":44,"column":66}}]},"6":{"line":50,"type":"binary-expr","locations":[{"start":{"line":50,"column":21},"end":{"line":50,"column":49}},{"start":{"line":50,"column":53},"end":{"line":50,"column":72}}]},"7":{"line":64,"type":"switch","locations":[{"start":{"line":69,"column":4},"end":{"line":70,"column":14}},{"start":{"line":75,"column":4},"end":{"line":76,"column":14}}]},"8":{"line":85,"type":"switch","locations":[{"start":{"line":90,"column":4},"end":{"line":105,"column":14}},{"start":{"line":111,"column":4},"end":{"line":193,"column":14},"skip":true}]},"9":{"line":91,"type":"binary-expr","locations":[{"start":{"line":91,"column":42},"end":{"line":91,"column":73}},{"start":{"line":91,"column":77},"end":{"line":99,"column":9}}]},"10":{"line":102,"type":"binary-expr","locations":[{"start":{"line":102,"column":18},"end":{"line":102,"column":32}},{"start":{"line":103,"column":12},"end":{"line":103,"column":53}},{"start":{"line":104,"column":12},"end":{"line":104,"column":61}}]},"11":{"line":112,"type":"binary-expr","locations":[{"start":{"line":112,"column":45},"end":{"line":112,"column":79},"skip":true},{"start":{"line":112,"column":83},"end":{"line":121,"column":9},"skip":true}]},"12":{"line":123,"type":"binary-expr","locations":[{"start":{"line":123,"column":42},"end":{"line":123,"column":73},"skip":true},{"start":{"line":123,"column":77},"end":{"line":136,"column":9},"skip":true}]},"13":{"line":138,"type":"binary-expr","locations":[{"start":{"line":138,"column":48},"end":{"line":138,"column":85},"skip":true},{"start":{"line":139,"column":12},"end":{"line":145,"column":13},"skip":true}]},"14":{"line":147,"type":"binary-expr","locations":[{"start":{"line":147,"column":42},"end":{"line":147,"column":73},"skip":true},{"start":{"line":147,"column":77},"end":{"line":156,"column":9},"skip":true}]},"15":{"line":158,"type":"binary-expr","locations":[{"start":{"line":158,"column":45},"end":{"line":158,"column":79},"skip":true},{"start":{"line":158,"column":83},"end":{"line":167,"column":9},"skip":true}]},"16":{"line":169,"type":"binary-expr","locations":[{"start":{"line":169,"column":43},"end":{"line":169,"column":75},"skip":true},{"start":{"line":169,"column":79},"end":{"line":178,"column":9},"skip":true}]},"17":{"line":180,"type":"binary-expr","locations":[{"start":{"line":180,"column":41},"end":{"line":180,"column":71},"skip":true},{"start":{"line":180,"column":75},"end":{"line":189,"column":9},"skip":true}]}},"code":["/* istanbul instrument in package npmtest_search_index */","/*jslint","    bitwise: true,","    browser: true,","    maxerr: 8,","    maxlen: 96,","    node: true,","    nomen: true,","    regexp: true,","    stupid: true","*/","(function () {","    'use strict';","    var local;","","","","    // run shared js-env code - init-before","    (function () {","        // init local","        local = {};","        // init modeJs","        local.modeJs = (function () {","            try {","                return typeof navigator.userAgent === 'string' &&","                    typeof document.querySelector('body') === 'object' &&","                    typeof XMLHttpRequest.prototype.open === 'function' &&","                    'browser';","            } catch (errorCaughtBrowser) {","                return module.exports &&","                    typeof process.versions.node === 'string' &&","                    typeof require('http').createServer === 'function' &&","                    'node';","            }","        }());","        // init global","        local.global = local.modeJs === 'browser'","            ? window","            : global;","        switch (local.modeJs) {","        // re-init local from window.local","        case 'browser':","            local = local.global.utility2.objectSetDefault(","                local.global.utility2_rollup || local.global.local,","                local.global.utility2","            );","            break;","        // re-init local from example.js","        case 'node':","            local = (local.global.utility2_rollup || require('utility2'))","                .requireReadme();","            break;","        }","        // export local","        local.global.local = local;","    }());","","","","    // run shared js-env code - function","    (function () {","        return;","    }());","    switch (local.modeJs) {","","","","    // run browser js-env code - function","    case 'browser':","        break;","","","","    // run node js-env code - function","    case 'node':","        break;","    }","","","","    // run shared js-env code - init-after","    (function () {","        return;","    }());","    switch (local.modeJs) {","","","","    // run browser js-env code - init-after","    case 'browser':","        local.testCase_browser_nullCase = local.testCase_browser_nullCase || function (","            options,","            onError","        ) {","        /*","         * this function will test browsers's null-case handling-behavior-behavior","         */","            onError(null, options);","        };","","        // run tests","        local.nop(local.modeTest &&","            document.querySelector('#testRunButton1') &&","            document.querySelector('#testRunButton1').click());","        break;","","","","    // run node js-env code - init-after","    /* istanbul ignore next */","    case 'node':","        local.testCase_buildApidoc_default = local.testCase_buildApidoc_default || function (","            options,","            onError","        ) {","        /*","         * this function will test buildApidoc's default handling-behavior-behavior","         */","            options = { modulePathList: module.paths };","            local.buildApidoc(options, onError);","        };","","        local.testCase_buildApp_default = local.testCase_buildApp_default || function (","            options,","            onError","        ) {","        /*","         * this function will test buildApp's default handling-behavior-behavior","         */","            local.testCase_buildReadme_default(options, local.onErrorThrow);","            local.testCase_buildLib_default(options, local.onErrorThrow);","            local.testCase_buildTest_default(options, local.onErrorThrow);","            local.testCase_buildCustomOrg_default(options, local.onErrorThrow);","            options = [];","            local.buildApp(options, onError);","        };","","        local.testCase_buildCustomOrg_default = local.testCase_buildCustomOrg_default ||","            function (options, onError) {","            /*","             * this function will test buildCustomOrg's default handling-behavior","             */","                options = {};","                local.buildCustomOrg(options, onError);","            };","","        local.testCase_buildLib_default = local.testCase_buildLib_default || function (","            options,","            onError","        ) {","        /*","         * this function will test buildLib's default handling-behavior","         */","            options = {};","            local.buildLib(options, onError);","        };","","        local.testCase_buildReadme_default = local.testCase_buildReadme_default || function (","            options,","            onError","        ) {","        /*","         * this function will test buildReadme's default handling-behavior-behavior","         */","            options = {};","            local.buildReadme(options, onError);","        };","","        local.testCase_buildTest_default = local.testCase_buildTest_default || function (","            options,","            onError","        ) {","        /*","         * this function will test buildTest's default handling-behavior","         */","            options = {};","            local.buildTest(options, onError);","        };","","        local.testCase_webpage_default = local.testCase_webpage_default || function (","            options,","            onError","        ) {","        /*","         * this function will test webpage's default handling-behavior","         */","            options = { modeCoverageMerge: true, url: local.serverLocalHost + '?modeTest=1' };","            local.browserTest(options, onError);","        };","","        // run test-server","        local.testRunServer(local);","        break;","    }","}());",""],"l":{"12":2,"14":2,"19":2,"21":2,"23":2,"24":2,"25":2,"30":1,"37":2,"40":2,"43":1,"47":1,"50":1,"52":1,"55":2,"61":2,"62":2,"64":2,"70":1,"76":1,"82":2,"83":2,"85":2,"91":1,"98":1,"102":1,"105":1,"112":1,"119":1,"120":1,"123":1,"130":1,"131":1,"132":1,"133":1,"134":1,"135":1,"138":1,"143":2,"144":2,"147":1,"154":2,"155":2,"158":1,"165":2,"166":2,"169":1,"176":2,"177":2,"180":1,"187":1,"188":1,"192":1,"193":1}},"/home/travis/build/npmtest/node-npmtest-search-index/lib.npmtest_search_index.js":{"path":"/home/travis/build/npmtest/node-npmtest-search-index/lib.npmtest_search_index.js","s":{"1":2,"2":2,"3":2,"4":2,"5":2,"6":2,"7":2,"8":1,"9":2,"10":2,"11":2,"12":2,"13":1,"14":1,"15":1,"16":1},"b":{"1":[2,1,1,1],"2":[1,1,1,1],"3":[1,1],"4":[2,2],"5":[1,1]},"f":{"1":2,"2":2,"3":2},"fnMap":{"1":{"name":"(anonymous_1)","line":12,"loc":{"start":{"line":12,"column":1},"end":{"line":12,"column":13}}},"2":{"name":"(anonymous_2)","line":19,"loc":{"start":{"line":19,"column":5},"end":{"line":19,"column":17}}},"3":{"name":"(anonymous_3)","line":23,"loc":{"start":{"line":23,"column":24},"end":{"line":23,"column":36}}}},"statementMap":{"1":{"start":{"line":12,"column":0},"end":{"line":53,"column":5}},"2":{"start":{"line":14,"column":4},"end":{"line":14,"column":14}},"3":{"start":{"line":19,"column":4},"end":{"line":52,"column":9}},"4":{"start":{"line":21,"column":8},"end":{"line":21,"column":19}},"5":{"start":{"line":23,"column":8},"end":{"line":35,"column":13}},"6":{"start":{"line":24,"column":12},"end":{"line":34,"column":13}},"7":{"start":{"line":25,"column":16},"end":{"line":28,"column":30}},"8":{"start":{"line":30,"column":16},"end":{"line":33,"column":27}},"9":{"start":{"line":37,"column":8},"end":{"line":39,"column":21}},"10":{"start":{"line":41,"column":8},"end":{"line":41,"column":54}},"11":{"start":{"line":43,"column":8},"end":{"line":43,"column":57}},"12":{"start":{"line":45,"column":8},"end":{"line":51,"column":9}},"13":{"start":{"line":46,"column":12},"end":{"line":46,"column":63}},"14":{"start":{"line":48,"column":12},"end":{"line":48,"column":35}},"15":{"start":{"line":49,"column":12},"end":{"line":49,"column":49}},"16":{"start":{"line":50,"column":12},"end":{"line":50,"column":43}}},"branchMap":{"1":{"line":25,"type":"binary-expr","locations":[{"start":{"line":25,"column":23},"end":{"line":25,"column":62}},{"start":{"line":26,"column":20},"end":{"line":26,"column":70}},{"start":{"line":27,"column":20},"end":{"line":27,"column":71}},{"start":{"line":28,"column":20},"end":{"line":28,"column":29}}]},"2":{"line":30,"type":"binary-expr","locations":[{"start":{"line":30,"column":23},"end":{"line":30,"column":37}},{"start":{"line":31,"column":20},"end":{"line":31,"column":61}},{"start":{"line":32,"column":20},"end":{"line":32,"column":70}},{"start":{"line":33,"column":20},"end":{"line":33,"column":26}}]},"3":{"line":37,"type":"cond-expr","locations":[{"start":{"line":38,"column":14},"end":{"line":38,"column":20}},{"start":{"line":39,"column":14},"end":{"line":39,"column":20}}]},"4":{"line":41,"type":"binary-expr","locations":[{"start":{"line":41,"column":16},"end":{"line":41,"column":44}},{"start":{"line":41,"column":48},"end":{"line":41,"column":53}}]},"5":{"line":45,"type":"if","locations":[{"start":{"line":45,"column":8},"end":{"line":45,"column":8}},{"start":{"line":45,"column":8},"end":{"line":45,"column":8}}]}},"code":["/* istanbul instrument in package npmtest_search_index */","/*jslint","    bitwise: true,","    browser: true,","    maxerr: 8,","    maxlen: 96,","    node: true,","    nomen: true,","    regexp: true,","    stupid: true","*/","(function () {","    'use strict';","    var local;","","","","    // run shared js-env code - init-before","    (function () {","        // init local","        local = {};","        // init modeJs","        local.modeJs = (function () {","            try {","                return typeof navigator.userAgent === 'string' &&","                    typeof document.querySelector('body') === 'object' &&","                    typeof XMLHttpRequest.prototype.open === 'function' &&","                    'browser';","            } catch (errorCaughtBrowser) {","                return module.exports &&","                    typeof process.versions.node === 'string' &&","                    typeof require('http').createServer === 'function' &&","                    'node';","            }","        }());","        // init global","        local.global = local.modeJs === 'browser'","            ? window","            : global;","        // init utility2_rollup","        local = local.global.utility2_rollup || local;","        // init lib","        local.local = local.npmtest_search_index = local;","        // init exports","        if (local.modeJs === 'browser') {","            local.global.utility2_npmtest_search_index = local;","        } else {","            module.exports = local;","            module.exports.__dirname = __dirname;","            module.exports.module = module;","        }","    }());","}());",""],"l":{"12":2,"14":2,"19":2,"21":2,"23":2,"24":2,"25":2,"30":1,"37":2,"41":2,"43":2,"45":2,"46":1,"48":1,"49":1,"50":1}},"/home/travis/build/npmtest/node-npmtest-search-index/example.js":{"path":"/home/travis/build/npmtest/node-npmtest-search-index/example.js","s":{"1":2,"2":2,"3":2,"4":2,"5":2,"6":2,"7":2,"8":1,"9":2,"10":2,"11":2,"12":2,"13":1,"14":2,"15":2,"16":2,"17":2,"18":2,"19":0,"20":2,"21":1,"22":1,"23":1,"24":1,"25":1,"26":0,"27":0,"28":1,"29":1,"30":2,"31":0,"32":0,"33":0,"34":1,"35":2,"36":2,"37":3,"38":3,"39":3,"40":3,"41":0,"42":3,"43":3,"44":3,"45":1,"46":3,"47":1,"48":1,"49":1,"50":1,"51":1,"52":1,"53":1,"54":1,"55":1,"56":1,"57":0,"58":1,"59":6,"60":6,"61":1,"62":2,"63":0,"64":2,"65":1,"66":1,"67":0,"68":0,"69":0,"70":0,"71":0,"72":0,"73":0,"74":0,"75":0,"76":0,"77":0,"78":0,"79":0,"80":0,"81":0,"82":0,"83":0},"b":{"1":[2,1,1,1],"2":[1,1,1,1],"3":[1,1],"4":[2,2],"5":[1,1],"6":[1,1],"7":[2,0],"8":[2,1,1,1,1,1],"9":[0,2,0],"10":[1,1],"11":[2,1,1],"12":[1,0],"13":[0,2],"14":[2,0,0,0,0,0,0],"15":[0,3],"16":[3,0],"17":[1,1],"18":[0,1],"19":[1,2,0,2],"20":[1,0],"21":[1,1],"22":[0,0],"23":[0,0],"24":[0,0],"25":[0,0],"26":[0,0],"27":[0,0],"28":[0,0]},"f":{"1":2,"2":2,"3":2,"4":2,"5":2,"6":2,"7":3,"8":3,"9":3,"10":1,"11":6,"12":0},"fnMap":{"1":{"name":"(anonymous_1)","line":26,"loc":{"start":{"line":26,"column":1},"end":{"line":26,"column":13}}},"2":{"name":"(anonymous_2)","line":33,"loc":{"start":{"line":33,"column":5},"end":{"line":33,"column":17}}},"3":{"name":"(anonymous_3)","line":37,"loc":{"start":{"line":37,"column":24},"end":{"line":37,"column":36}}},"4":{"name":"(anonymous_4)","line":69,"loc":{"start":{"line":69,"column":31},"end":{"line":69,"column":48}},"skip":true},"5":{"name":"(anonymous_5)","line":78,"loc":{"start":{"line":78,"column":26},"end":{"line":78,"column":45}},"skip":true},"6":{"name":"(anonymous_6)","line":123,"loc":{"start":{"line":123,"column":33},"end":{"line":123,"column":48}},"skip":true},"7":{"name":"(anonymous_7)","line":125,"loc":{"start":{"line":125,"column":27},"end":{"line":125,"column":39}},"skip":true},"8":{"name":"(anonymous_8)","line":133,"loc":{"start":{"line":133,"column":59},"end":{"line":133,"column":74}},"skip":true},"9":{"name":"(anonymous_9)","line":143,"loc":{"start":{"line":143,"column":45},"end":{"line":143,"column":62}},"skip":true},"10":{"name":"(anonymous_10)","line":144,"loc":{"start":{"line":144,"column":73},"end":{"line":144,"column":92}},"skip":true},"11":{"name":"(anonymous_11)","line":272,"loc":{"start":{"line":272,"column":51},"end":{"line":272,"column":77}},"skip":true},"12":{"name":"(anonymous_12)","line":315,"loc":{"start":{"line":315,"column":32},"end":{"line":315,"column":61}},"skip":true}},"statementMap":{"1":{"start":{"line":26,"column":0},"end":{"line":326,"column":5}},"2":{"start":{"line":28,"column":4},"end":{"line":28,"column":14}},"3":{"start":{"line":33,"column":4},"end":{"line":60,"column":9}},"4":{"start":{"line":35,"column":8},"end":{"line":35,"column":19}},"5":{"start":{"line":37,"column":8},"end":{"line":49,"column":13}},"6":{"start":{"line":38,"column":12},"end":{"line":48,"column":13}},"7":{"start":{"line":39,"column":16},"end":{"line":42,"column":30}},"8":{"start":{"line":44,"column":16},"end":{"line":47,"column":27}},"9":{"start":{"line":51,"column":8},"end":{"line":53,"column":21}},"10":{"start":{"line":55,"column":8},"end":{"line":57,"column":45}},"11":{"start":{"line":59,"column":8},"end":{"line":59,"column":35}},"12":{"start":{"line":61,"column":4},"end":{"line":325,"column":5}},"13":{"start":{"line":69,"column":8},"end":{"line":121,"column":10},"skip":true},"14":{"start":{"line":70,"column":12},"end":{"line":88,"column":13},"skip":true},"15":{"start":{"line":76,"column":16},"end":{"line":87,"column":19},"skip":true},"16":{"start":{"line":79,"column":20},"end":{"line":86,"column":21},"skip":true},"17":{"start":{"line":82,"column":24},"end":{"line":82,"column":43},"skip":true},"18":{"start":{"line":83,"column":24},"end":{"line":83,"column":30},"skip":true},"19":{"start":{"line":85,"column":24},"end":{"line":85,"column":49},"skip":true},"20":{"start":{"line":89,"column":12},"end":{"line":107,"column":13},"skip":true},"21":{"start":{"line":92,"column":16},"end":{"line":102,"column":17},"skip":true},"22":{"start":{"line":93,"column":20},"end":{"line":93,"column":86},"skip":true},"23":{"start":{"line":94,"column":20},"end":{"line":95,"column":45},"skip":true},"24":{"start":{"line":96,"column":20},"end":{"line":96,"column":42},"skip":true},"25":{"start":{"line":97,"column":20},"end":{"line":97,"column":48},"skip":true},"26":{"start":{"line":100,"column":20},"end":{"line":100,"column":85},"skip":true},"27":{"start":{"line":101,"column":20},"end":{"line":101,"column":96},"skip":true},"28":{"start":{"line":103,"column":16},"end":{"line":103,"column":22},"skip":true},"29":{"start":{"line":106,"column":16},"end":{"line":106,"column":22},"skip":true},"30":{"start":{"line":108,"column":12},"end":{"line":120,"column":13},"skip":true},"31":{"start":{"line":114,"column":16},"end":{"line":119,"column":17},"skip":true},"32":{"start":{"line":116,"column":20},"end":{"line":116,"column":78},"skip":true},"33":{"start":{"line":118,"column":20},"end":{"line":118,"column":47},"skip":true},"34":{"start":{"line":123,"column":8},"end":{"line":141,"column":11},"skip":true},"35":{"start":{"line":124,"column":12},"end":{"line":124,"column":54},"skip":true},"36":{"start":{"line":125,"column":12},"end":{"line":140,"column":14},"skip":true},"37":{"start":{"line":126,"column":16},"end":{"line":126,"column":28},"skip":true},"38":{"start":{"line":127,"column":16},"end":{"line":127,"column":69},"skip":true},"39":{"start":{"line":128,"column":16},"end":{"line":128,"column":75},"skip":true},"40":{"start":{"line":129,"column":16},"end":{"line":131,"column":17},"skip":true},"41":{"start":{"line":130,"column":20},"end":{"line":130,"column":27},"skip":true},"42":{"start":{"line":133,"column":16},"end":{"line":137,"column":36},"skip":true},"43":{"start":{"line":134,"column":20},"end":{"line":136,"column":55},"skip":true},"44":{"start":{"line":139,"column":16},"end":{"line":139,"column":57},"skip":true},"45":{"start":{"line":143,"column":8},"end":{"line":147,"column":11},"skip":true},"46":{"start":{"line":144,"column":12},"end":{"line":146,"column":15},"skip":true},"47":{"start":{"line":145,"column":16},"end":{"line":145,"column":70},"skip":true},"48":{"start":{"line":149,"column":8},"end":{"line":149,"column":31},"skip":true},"49":{"start":{"line":150,"column":8},"end":{"line":150,"column":14},"skip":true},"50":{"start":{"line":158,"column":8},"end":{"line":158,"column":31},"skip":true},"51":{"start":{"line":160,"column":8},"end":{"line":160,"column":33},"skip":true},"52":{"start":{"line":161,"column":8},"end":{"line":161,"column":37},"skip":true},"53":{"start":{"line":162,"column":8},"end":{"line":162,"column":35},"skip":true},"54":{"start":{"line":164,"column":8},"end":{"line":164,"column":50},"skip":true},"55":{"start":{"line":166,"column":8},"end":{"line":256,"column":2},"skip":true},"56":{"start":{"line":258,"column":8},"end":{"line":286,"column":9},"skip":true},"57":{"start":{"line":259,"column":12},"end":{"line":269,"column":14},"skip":true},"58":{"start":{"line":271,"column":12},"end":{"line":285,"column":19},"skip":true},"59":{"start":{"line":274,"column":20},"end":{"line":274,"column":35},"skip":true},"60":{"start":{"line":275,"column":20},"end":{"line":284,"column":21},"skip":true},"61":{"start":{"line":277,"column":24},"end":{"line":277,"column":64},"skip":true},"62":{"start":{"line":279,"column":24},"end":{"line":279,"column":40},"skip":true},"63":{"start":{"line":281,"column":24},"end":{"line":281,"column":40},"skip":true},"64":{"start":{"line":283,"column":24},"end":{"line":283,"column":39},"skip":true},"65":{"start":{"line":288,"column":8},"end":{"line":290,"column":9},"skip":true},"66":{"start":{"line":289,"column":12},"end":{"line":289,"column":18},"skip":true},"67":{"start":{"line":291,"column":8},"end":{"line":293,"column":54},"skip":true},"68":{"start":{"line":296,"column":8},"end":{"line":301,"column":37},"skip":true},"69":{"start":{"line":303,"column":8},"end":{"line":303,"column":82},"skip":true},"70":{"start":{"line":306,"column":8},"end":{"line":308,"column":9},"skip":true},"71":{"start":{"line":307,"column":12},"end":{"line":307,"column":82},"skip":true},"72":{"start":{"line":310,"column":8},"end":{"line":312,"column":9},"skip":true},"73":{"start":{"line":311,"column":12},"end":{"line":311,"column":18},"skip":true},"74":{"start":{"line":313,"column":8},"end":{"line":313,"column":54},"skip":true},"75":{"start":{"line":314,"column":8},"end":{"line":314,"column":69},"skip":true},"76":{"start":{"line":315,"column":8},"end":{"line":323,"column":36},"skip":true},"77":{"start":{"line":316,"column":12},"end":{"line":316,"column":61},"skip":true},"78":{"start":{"line":317,"column":12},"end":{"line":320,"column":13},"skip":true},"79":{"start":{"line":318,"column":16},"end":{"line":318,"column":75},"skip":true},"80":{"start":{"line":319,"column":16},"end":{"line":319,"column":23},"skip":true},"81":{"start":{"line":321,"column":12},"end":{"line":321,"column":38},"skip":true},"82":{"start":{"line":322,"column":12},"end":{"line":322,"column":27},"skip":true},"83":{"start":{"line":324,"column":8},"end":{"line":324,"column":14},"skip":true}},"branchMap":{"1":{"line":39,"type":"binary-expr","locations":[{"start":{"line":39,"column":23},"end":{"line":39,"column":62}},{"start":{"line":40,"column":20},"end":{"line":40,"column":70}},{"start":{"line":41,"column":20},"end":{"line":41,"column":71}},{"start":{"line":42,"column":20},"end":{"line":42,"column":29}}]},"2":{"line":44,"type":"binary-expr","locations":[{"start":{"line":44,"column":23},"end":{"line":44,"column":37}},{"start":{"line":45,"column":20},"end":{"line":45,"column":61}},{"start":{"line":46,"column":20},"end":{"line":46,"column":70}},{"start":{"line":47,"column":20},"end":{"line":47,"column":26}}]},"3":{"line":51,"type":"cond-expr","locations":[{"start":{"line":52,"column":14},"end":{"line":52,"column":20}},{"start":{"line":53,"column":14},"end":{"line":53,"column":20}}]},"4":{"line":55,"type":"binary-expr","locations":[{"start":{"line":55,"column":16},"end":{"line":55,"column":44}},{"start":{"line":55,"column":49},"end":{"line":57,"column":43}}]},"5":{"line":55,"type":"cond-expr","locations":[{"start":{"line":56,"column":14},"end":{"line":56,"column":56}},{"start":{"line":57,"column":14},"end":{"line":57,"column":43}}]},"6":{"line":61,"type":"switch","locations":[{"start":{"line":68,"column":4},"end":{"line":150,"column":14},"skip":true},{"start":{"line":156,"column":4},"end":{"line":324,"column":14},"skip":true}]},"7":{"line":70,"type":"if","locations":[{"start":{"line":70,"column":12},"end":{"line":70,"column":12},"skip":true},{"start":{"line":70,"column":12},"end":{"line":70,"column":12},"skip":true}]},"8":{"line":70,"type":"binary-expr","locations":[{"start":{"line":70,"column":16},"end":{"line":70,"column":22},"skip":true},{"start":{"line":70,"column":27},"end":{"line":70,"column":32},"skip":true},{"start":{"line":71,"column":20},"end":{"line":71,"column":39},"skip":true},{"start":{"line":72,"column":20},"end":{"line":72,"column":49},"skip":true},{"start":{"line":73,"column":20},"end":{"line":73,"column":58},"skip":true},{"start":{"line":74,"column":20},"end":{"line":74,"column":69},"skip":true}]},"9":{"line":79,"type":"switch","locations":[{"start":{"line":80,"column":20},"end":{"line":80,"column":33},"skip":true},{"start":{"line":81,"column":20},"end":{"line":83,"column":30},"skip":true},{"start":{"line":84,"column":20},"end":{"line":85,"column":49},"skip":true}]},"10":{"line":89,"type":"switch","locations":[{"start":{"line":90,"column":12},"end":{"line":103,"column":22},"skip":true},{"start":{"line":105,"column":12},"end":{"line":106,"column":22},"skip":true}]},"11":{"line":89,"type":"binary-expr","locations":[{"start":{"line":89,"column":20},"end":{"line":89,"column":25},"skip":true},{"start":{"line":89,"column":29},"end":{"line":89,"column":48},"skip":true},{"start":{"line":89,"column":52},"end":{"line":89,"column":74},"skip":true}]},"12":{"line":92,"type":"if","locations":[{"start":{"line":92,"column":16},"end":{"line":92,"column":16},"skip":true},{"start":{"line":92,"column":16},"end":{"line":92,"column":16},"skip":true}]},"13":{"line":108,"type":"if","locations":[{"start":{"line":108,"column":12},"end":{"line":108,"column":12},"skip":true},{"start":{"line":108,"column":12},"end":{"line":108,"column":12},"skip":true}]},"14":{"line":108,"type":"binary-expr","locations":[{"start":{"line":108,"column":16},"end":{"line":108,"column":61},"skip":true},{"start":{"line":108,"column":66},"end":{"line":108,"column":72},"skip":true},{"start":{"line":108,"column":77},"end":{"line":108,"column":82},"skip":true},{"start":{"line":109,"column":20},"end":{"line":109,"column":39},"skip":true},{"start":{"line":110,"column":20},"end":{"line":110,"column":49},"skip":true},{"start":{"line":111,"column":20},"end":{"line":111,"column":58},"skip":true},{"start":{"line":112,"column":20},"end":{"line":112,"column":68},"skip":true}]},"15":{"line":129,"type":"if","locations":[{"start":{"line":129,"column":16},"end":{"line":129,"column":16},"skip":true},{"start":{"line":129,"column":16},"end":{"line":129,"column":16},"skip":true}]},"16":{"line":134,"type":"cond-expr","locations":[{"start":{"line":135,"column":26},"end":{"line":135,"column":29},"skip":true},{"start":{"line":136,"column":26},"end":{"line":136,"column":54},"skip":true}]},"17":{"line":164,"type":"binary-expr","locations":[{"start":{"line":164,"column":27},"end":{"line":164,"column":43},"skip":true},{"start":{"line":164,"column":47},"end":{"line":164,"column":49},"skip":true}]},"18":{"line":258,"type":"if","locations":[{"start":{"line":258,"column":8},"end":{"line":258,"column":8},"skip":true},{"start":{"line":258,"column":8},"end":{"line":258,"column":8},"skip":true}]},"19":{"line":275,"type":"switch","locations":[{"start":{"line":276,"column":20},"end":{"line":277,"column":64},"skip":true},{"start":{"line":278,"column":20},"end":{"line":279,"column":40},"skip":true},{"start":{"line":280,"column":20},"end":{"line":281,"column":40},"skip":true},{"start":{"line":282,"column":20},"end":{"line":283,"column":39},"skip":true}]},"20":{"line":288,"type":"if","locations":[{"start":{"line":288,"column":8},"end":{"line":288,"column":8},"skip":true},{"start":{"line":288,"column":8},"end":{"line":288,"column":8},"skip":true}]},"21":{"line":288,"type":"binary-expr","locations":[{"start":{"line":288,"column":12},"end":{"line":288,"column":40},"skip":true},{"start":{"line":288,"column":44},"end":{"line":288,"column":67},"skip":true}]},"22":{"line":292,"type":"binary-expr","locations":[{"start":{"line":292,"column":12},"end":{"line":292,"column":50},"skip":true},{"start":{"line":293,"column":12},"end":{"line":293,"column":53},"skip":true}]},"23":{"line":297,"type":"binary-expr","locations":[{"start":{"line":297,"column":12},"end":{"line":297,"column":70},"skip":true},{"start":{"line":298,"column":12},"end":{"line":301,"column":36},"skip":true}]},"24":{"line":303,"type":"binary-expr","locations":[{"start":{"line":303,"column":43},"end":{"line":303,"column":75},"skip":true},{"start":{"line":303,"column":79},"end":{"line":303,"column":81},"skip":true}]},"25":{"line":306,"type":"if","locations":[{"start":{"line":306,"column":8},"end":{"line":306,"column":8},"skip":true},{"start":{"line":306,"column":8},"end":{"line":306,"column":8},"skip":true}]},"26":{"line":310,"type":"if","locations":[{"start":{"line":310,"column":8},"end":{"line":310,"column":8},"skip":true},{"start":{"line":310,"column":8},"end":{"line":310,"column":8},"skip":true}]},"27":{"line":313,"type":"binary-expr","locations":[{"start":{"line":313,"column":27},"end":{"line":313,"column":43},"skip":true},{"start":{"line":313,"column":47},"end":{"line":313,"column":53},"skip":true}]},"28":{"line":317,"type":"if","locations":[{"start":{"line":317,"column":12},"end":{"line":317,"column":12},"skip":true},{"start":{"line":317,"column":12},"end":{"line":317,"column":12},"skip":true}]}},"code":["/*","example.js","","quickstart example","","instruction","    1. save this script as example.js","    2. run the shell command:","        $ npm install npmtest-search-index && PORT=8081 node example.js","    3. play with the browser-demo on http://127.0.0.1:8081","*/","","","","/* istanbul instrument in package npmtest_search_index */","/*jslint","    bitwise: true,","    browser: true,","    maxerr: 8,","    maxlen: 96,","    node: true,","    nomen: true,","    regexp: true,","    stupid: true","*/","(function () {","    'use strict';","    var local;","","","","    // run shared js-env code - init-before","    (function () {","        // init local","        local = {};","        // init modeJs","        local.modeJs = (function () {","            try {","                return typeof navigator.userAgent === 'string' &&","                    typeof document.querySelector('body') === 'object' &&","                    typeof XMLHttpRequest.prototype.open === 'function' &&","                    'browser';","            } catch (errorCaughtBrowser) {","                return module.exports &&","                    typeof process.versions.node === 'string' &&","                    typeof require('http').createServer === 'function' &&","                    'node';","            }","        }());","        // init global","        local.global = local.modeJs === 'browser'","            ? window","            : global;","        // init utility2_rollup","        local = local.global.utility2_rollup || (local.modeJs === 'browser'","            ? local.global.utility2_npmtest_search_index","            : global.utility2_moduleExports);","        // export local","        local.global.local = local;","    }());","    switch (local.modeJs) {","","","","    // init-after","    // run browser js-env code - init-after","    /* istanbul ignore next */","    case 'browser':","        local.testRunBrowser = function (event) {","            if (!event || (event &&","                    event.currentTarget &&","                    event.currentTarget.className &&","                    event.currentTarget.className.includes &&","                    event.currentTarget.className.includes('onreset'))) {","                // reset output","                Array.from(","                    document.querySelectorAll('body > .resettable')","                ).forEach(function (element) {","                    switch (element.tagName) {","                    case 'INPUT':","                    case 'TEXTAREA':","                        element.value = '';","                        break;","                    default:","                        element.textContent = '';","                    }","                });","            }","            switch (event && event.currentTarget && event.currentTarget.id) {","            case 'testRunButton1':","                // show tests","                if (document.querySelector('#testReportDiv1').style.display === 'none') {","                    document.querySelector('#testReportDiv1').style.display = 'block';","                    document.querySelector('#testRunButton1').textContent =","                        'hide internal test';","                    local.modeTest = true;","                    local.testRunDefault(local);","                // hide tests","                } else {","                    document.querySelector('#testReportDiv1').style.display = 'none';","                    document.querySelector('#testRunButton1').textContent = 'run internal test';","                }","                break;","            // custom-case","            default:","                break;","            }","            if (document.querySelector('#inputTextareaEval1') && (!event || (event &&","                    event.currentTarget &&","                    event.currentTarget.className &&","                    event.currentTarget.className.includes &&","                    event.currentTarget.className.includes('oneval')))) {","                // try to eval input-code","                try {","                    /*jslint evil: true*/","                    eval(document.querySelector('#inputTextareaEval1').value);","                } catch (errorCaught) {","                    console.error(errorCaught);","                }","            }","        };","        // log stderr and stdout to #outputTextareaStdout1","        ['error', 'log'].forEach(function (key) {","            console[key + '_original'] = console[key];","            console[key] = function () {","                var element;","                console[key + '_original'].apply(console, arguments);","                element = document.querySelector('#outputTextareaStdout1');","                if (!element) {","                    return;","                }","                // append text to #outputTextareaStdout1","                element.value += Array.from(arguments).map(function (arg) {","                    return typeof arg === 'string'","                        ? arg","                        : JSON.stringify(arg, null, 4);","                }).join(' ') + '\\n';","                // scroll textarea to bottom","                element.scrollTop = element.scrollHeight;","            };","        });","        // init event-handling","        ['change', 'click', 'keyup'].forEach(function (event) {","            Array.from(document.querySelectorAll('.on' + event)).forEach(function (element) {","                element.addEventListener(event, local.testRunBrowser);","            });","        });","        // run tests","        local.testRunBrowser();","        break;","","","","    // run node js-env code - init-after","    /* istanbul ignore next */","    case 'node':","        // export local","        module.exports = local;","        // require modules","        local.fs = require('fs');","        local.http = require('http');","        local.url = require('url');","        // init assets","        local.assetsDict = local.assetsDict || {};","        /* jslint-ignore-begin */","        local.assetsDict['/assets.index.template.html'] = '\\","<!doctype html>\\n\\","<html lang=\"en\">\\n\\","<head>\\n\\","<meta charset=\"UTF-8\">\\n\\","<meta name=\"viewport\" content=\"width=device-width, initial-scale=1\">\\n\\","<title>{{env.npm_package_name}} (v{{env.npm_package_version}})</title>\\n\\","<style>\\n\\","/*csslint\\n\\","    box-sizing: false,\\n\\","    universal-selector: false\\n\\","*/\\n\\","* {\\n\\","    box-sizing: border-box;\\n\\","}\\n\\","body {\\n\\","    background: #dde;\\n\\","    font-family: Arial, Helvetica, sans-serif;\\n\\","    margin: 2rem;\\n\\","}\\n\\","body > * {\\n\\","    margin-bottom: 1rem;\\n\\","}\\n\\",".utility2FooterDiv {\\n\\","    margin-top: 20px;\\n\\","    text-align: center;\\n\\","}\\n\\","</style>\\n\\","<style>\\n\\","/*csslint\\n\\","*/\\n\\","textarea {\\n\\","    font-family: monospace;\\n\\","    height: 10rem;\\n\\","    width: 100%;\\n\\","}\\n\\","textarea[readonly] {\\n\\","    background: #ddd;\\n\\","}\\n\\","</style>\\n\\","</head>\\n\\","<body>\\n\\","<!-- utility2-comment\\n\\","<div id=\"ajaxProgressDiv1\" style=\"background: #d00; height: 2px; left: 0; margin: 0; padding: 0; position: fixed; top: 0; transition: background 0.5s, width 1.5s; width: 25%;\"></div>\\n\\","utility2-comment -->\\n\\","<h1>\\n\\","<!-- utility2-comment\\n\\","    <a\\n\\","        {{#if env.npm_package_homepage}}\\n\\","        href=\"{{env.npm_package_homepage}}\"\\n\\","        {{/if env.npm_package_homepage}}\\n\\","        target=\"_blank\"\\n\\","    >\\n\\","utility2-comment -->\\n\\","        {{env.npm_package_name}} (v{{env.npm_package_version}})\\n\\","<!-- utility2-comment\\n\\","    </a>\\n\\","utility2-comment -->\\n\\","</h1>\\n\\","<h3>{{env.npm_package_description}}</h3>\\n\\","<!-- utility2-comment\\n\\","<h4><a download href=\"assets.app.js\">download standalone app</a></h4>\\n\\","<button class=\"onclick onreset\" id=\"testRunButton1\">run internal test</button><br>\\n\\","<div id=\"testReportDiv1\" style=\"display: none;\"></div>\\n\\","utility2-comment -->\\n\\","\\n\\","\\n\\","\\n\\","<label>stderr and stdout</label>\\n\\","<textarea class=\"resettable\" id=\"outputTextareaStdout1\" readonly></textarea>\\n\\","<!-- utility2-comment\\n\\","{{#if isRollup}}\\n\\","<script src=\"assets.app.js\"></script>\\n\\","{{#unless isRollup}}\\n\\","utility2-comment -->\\n\\","<script src=\"assets.utility2.rollup.js\"></script>\\n\\","<script src=\"jsonp.utility2._stateInit?callback=window.utility2._stateInit\"></script>\\n\\","<script src=\"assets.npmtest_search_index.rollup.js\"></script>\\n\\","<script src=\"assets.example.js\"></script>\\n\\","<script src=\"assets.test.js\"></script>\\n\\","<!-- utility2-comment\\n\\","{{/if isRollup}}\\n\\","utility2-comment -->\\n\\","<div class=\"utility2FooterDiv\">\\n\\","    [ this app was created with\\n\\","    <a href=\"https://github.com/kaizhu256/node-utility2\" target=\"_blank\">utility2</a>\\n\\","    ]\\n\\","</div>\\n\\","</body>\\n\\","</html>\\n\\","';","        /* jslint-ignore-end */","        if (local.templateRender) {","            local.assetsDict['/'] = local.templateRender(","                local.assetsDict['/assets.index.template.html'],","                {","                    env: local.objectSetDefault(local.env, {","                        npm_package_description: 'the greatest app in the world!',","                        npm_package_name: 'my-app',","                        npm_package_nameAlias: 'my_app',","                        npm_package_version: '0.0.1'","                    })","                }","            );","        } else {","            local.assetsDict['/'] = local.assetsDict['/assets.index.template.html']","                .replace((/\\{\\{env\\.(\\w+?)\\}\\}/g), function (match0, match1) {","                    // jslint-hack","                    String(match0);","                    switch (match1) {","                    case 'npm_package_description':","                        return 'the greatest app in the world!';","                    case 'npm_package_name':","                        return 'my-app';","                    case 'npm_package_nameAlias':","                        return 'my_app';","                    case 'npm_package_version':","                        return '0.0.1';","                    }","                });","        }","        // run the cli","        if (local.global.utility2_rollup || module !== require.main) {","            break;","        }","        local.assetsDict['/assets.example.js'] =","            local.assetsDict['/assets.example.js'] ||","            local.fs.readFileSync(__filename, 'utf8');","        // bug-workaround - long $npm_package_buildCustomOrg","        /* jslint-ignore-begin */","        local.assetsDict['/assets.npmtest_search_index.rollup.js'] =","            local.assetsDict['/assets.npmtest_search_index.rollup.js'] ||","            local.fs.readFileSync(","                local.npmtest_search_index.__dirname + '/lib.npmtest_search_index.js',","                'utf8'","            ).replace((/^#!/), '//');","        /* jslint-ignore-end */","        local.assetsDict['/favicon.ico'] = local.assetsDict['/favicon.ico'] || '';","        // if $npm_config_timeout_exit exists,","        // then exit this process after $npm_config_timeout_exit ms","        if (Number(process.env.npm_config_timeout_exit)) {","            setTimeout(process.exit, Number(process.env.npm_config_timeout_exit));","        }","        // start server","        if (local.global.utility2_serverHttp1) {","            break;","        }","        process.env.PORT = process.env.PORT || '8081';","        console.error('server starting on port ' + process.env.PORT);","        local.http.createServer(function (request, response) {","            request.urlParsed = local.url.parse(request.url);","            if (local.assetsDict[request.urlParsed.pathname] !== undefined) {","                response.end(local.assetsDict[request.urlParsed.pathname]);","                return;","            }","            response.statusCode = 404;","            response.end();","        }).listen(process.env.PORT);","        break;","    }","}());",""],"l":{"26":2,"28":2,"33":2,"35":2,"37":2,"38":2,"39":2,"44":1,"51":2,"55":2,"59":2,"61":2,"69":1,"70":2,"76":2,"79":2,"82":2,"83":2,"85":1,"89":2,"92":1,"93":1,"94":1,"96":1,"97":1,"100":1,"101":1,"103":1,"106":1,"108":2,"114":1,"116":1,"118":1,"123":1,"124":2,"125":2,"126":3,"127":3,"128":3,"129":3,"130":1,"133":3,"134":3,"139":3,"143":1,"144":3,"145":1,"149":1,"150":1,"158":1,"160":1,"161":1,"162":1,"164":1,"166":1,"258":1,"259":1,"271":1,"274":6,"275":6,"277":1,"279":2,"281":1,"283":2,"288":1,"289":1,"291":1,"296":1,"303":1,"306":1,"307":1,"310":1,"311":1,"313":1,"314":1,"315":1,"316":1,"317":1,"318":1,"319":1,"321":1,"322":1,"324":1}},"/home/travis/build/npmtest/node-npmtest-search-index/node_modules/search-index/lib/index.js":{"path":"/home/travis/build/npmtest/node-npmtest-search-index/node_modules/search-index/lib/index.js","s":{"1":1,"2":1,"3":1,"4":1,"5":1,"6":1,"7":0,"8":0,"9":0,"10":0,"11":0,"12":0,"13":0,"14":0,"15":0,"16":0,"17":0,"18":0,"19":0,"20":0,"21":0,"22":0,"23":1,"24":0,"25":0,"26":0,"27":0,"28":0,"29":0,"30":0,"31":0,"32":0,"33":0,"34":0,"35":1,"36":0,"37":0,"38":0,"39":0,"40":0,"41":0,"42":0,"43":0,"44":0,"45":0,"46":0,"47":0,"48":1,"49":0,"50":0,"51":0,"52":0,"53":0,"54":0,"55":0,"56":0},"b":{"1":[0,0],"2":[0,0],"3":[0,0],"4":[0,0],"5":[0,0]},"f":{"1":0,"2":0,"3":0,"4":0,"5":0,"6":0,"7":0,"8":0,"9":0,"10":0},"fnMap":{"1":{"name":"(anonymous_1)","line":7,"loc":{"start":{"line":7,"column":17},"end":{"line":7,"column":54}}},"2":{"name":"(anonymous_2)","line":8,"loc":{"start":{"line":8,"column":24},"end":{"line":8,"column":52}}},"3":{"name":"(anonymous_3)","line":16,"loc":{"start":{"line":16,"column":22},"end":{"line":16,"column":50}}},"4":{"name":"(anonymous_4)","line":21,"loc":{"start":{"line":21,"column":25},"end":{"line":21,"column":53}}},"5":{"name":"(anonymous_5)","line":29,"loc":{"start":{"line":29,"column":17},"end":{"line":29,"column":46}}},"6":{"name":"(anonymous_6)","line":30,"loc":{"start":{"line":30,"column":40},"end":{"line":30,"column":73}}},"7":{"name":"(anonymous_7)","line":44,"loc":{"start":{"line":44,"column":20},"end":{"line":44,"column":49}}},"8":{"name":"(anonymous_8)","line":45,"loc":{"start":{"line":45,"column":43},"end":{"line":45,"column":79}}},"9":{"name":"(anonymous_9)","line":60,"loc":{"start":{"line":60,"column":19},"end":{"line":60,"column":44}}},"10":{"name":"(anonymous_10)","line":75,"loc":{"start":{"line":75,"column":7},"end":{"line":75,"column":26}}}},"statementMap":{"1":{"start":{"line":1,"column":0},"end":{"line":1,"column":32}},"2":{"start":{"line":2,"column":0},"end":{"line":2,"column":32}},"3":{"start":{"line":3,"column":0},"end":{"line":3,"column":33}},"4":{"start":{"line":4,"column":0},"end":{"line":4,"column":54}},"5":{"start":{"line":5,"column":0},"end":{"line":5,"column":60}},"6":{"start":{"line":7,"column":0},"end":{"line":27,"column":1}},"7":{"start":{"line":8,"column":2},"end":{"line":14,"column":3}},"8":{"start":{"line":9,"column":4},"end":{"line":9,"column":62}},"9":{"start":{"line":10,"column":4},"end":{"line":10,"column":36}},"10":{"start":{"line":10,"column":13},"end":{"line":10,"column":36}},"11":{"start":{"line":11,"column":4},"end":{"line":11,"column":36}},"12":{"start":{"line":12,"column":4},"end":{"line":12,"column":44}},"13":{"start":{"line":13,"column":4},"end":{"line":13,"column":38}},"14":{"start":{"line":16,"column":2},"end":{"line":19,"column":3}},"15":{"start":{"line":17,"column":4},"end":{"line":17,"column":36}},"16":{"start":{"line":17,"column":13},"end":{"line":17,"column":36}},"17":{"start":{"line":18,"column":4},"end":{"line":18,"column":44}},"18":{"start":{"line":21,"column":2},"end":{"line":24,"column":3}},"19":{"start":{"line":22,"column":4},"end":{"line":22,"column":36}},"20":{"start":{"line":22,"column":13},"end":{"line":22,"column":36}},"21":{"start":{"line":23,"column":4},"end":{"line":23,"column":40}},"22":{"start":{"line":26,"column":2},"end":{"line":26,"column":41}},"23":{"start":{"line":29,"column":0},"end":{"line":42,"column":1}},"24":{"start":{"line":30,"column":2},"end":{"line":41,"column":4}},"25":{"start":{"line":31,"column":4},"end":{"line":31,"column":42}},"26":{"start":{"line":32,"column":4},"end":{"line":32,"column":61}},"27":{"start":{"line":33,"column":4},"end":{"line":33,"column":62}},"28":{"start":{"line":34,"column":4},"end":{"line":34,"column":70}},"29":{"start":{"line":35,"column":4},"end":{"line":35,"column":62}},"30":{"start":{"line":36,"column":4},"end":{"line":36,"column":66}},"31":{"start":{"line":37,"column":4},"end":{"line":37,"column":46}},"32":{"start":{"line":38,"column":4},"end":{"line":38,"column":60}},"33":{"start":{"line":39,"column":4},"end":{"line":39,"column":46}},"34":{"start":{"line":40,"column":4},"end":{"line":40,"column":26}},"35":{"start":{"line":44,"column":0},"end":{"line":58,"column":1}},"36":{"start":{"line":45,"column":2},"end":{"line":57,"column":4}},"37":{"start":{"line":46,"column":4},"end":{"line":46,"column":69}},"38":{"start":{"line":47,"column":4},"end":{"line":47,"column":58}},"39":{"start":{"line":48,"column":4},"end":{"line":48,"column":63}},"40":{"start":{"line":49,"column":4},"end":{"line":49,"column":55}},"41":{"start":{"line":50,"column":4},"end":{"line":50,"column":63}},"42":{"start":{"line":51,"column":4},"end":{"line":51,"column":45}},"43":{"start":{"line":52,"column":4},"end":{"line":52,"column":49}},"44":{"start":{"line":53,"column":4},"end":{"line":53,"column":47}},"45":{"start":{"line":54,"column":4},"end":{"line":54,"column":51}},"46":{"start":{"line":55,"column":4},"end":{"line":55,"column":57}},"47":{"start":{"line":56,"column":4},"end":{"line":56,"column":26}},"48":{"start":{"line":60,"column":0},"end":{"line":82,"column":1}},"49":{"start":{"line":61,"column":2},"end":{"line":61,"column":22}},"50":{"start":{"line":62,"column":2},"end":{"line":66,"column":13}},"51":{"start":{"line":67,"column":2},"end":{"line":70,"column":4}},"52":{"start":{"line":71,"column":2},"end":{"line":81,"column":3}},"53":{"start":{"line":72,"column":4},"end":{"line":78,"column":6}},"54":{"start":{"line":76,"column":6},"end":{"line":76,"column":38}},"55":{"start":{"line":77,"column":6},"end":{"line":77,"column":35}},"56":{"start":{"line":80,"column":4},"end":{"line":80,"column":34}}},"branchMap":{"1":{"line":10,"type":"if","locations":[{"start":{"line":10,"column":4},"end":{"line":10,"column":4}},{"start":{"line":10,"column":4},"end":{"line":10,"column":4}}]},"2":{"line":17,"type":"if","locations":[{"start":{"line":17,"column":4},"end":{"line":17,"column":4}},{"start":{"line":17,"column":4},"end":{"line":17,"column":4}}]},"3":{"line":22,"type":"if","locations":[{"start":{"line":22,"column":4},"end":{"line":22,"column":4}},{"start":{"line":22,"column":4},"end":{"line":22,"column":4}}]},"4":{"line":71,"type":"if","locations":[{"start":{"line":71,"column":2},"end":{"line":71,"column":2}},{"start":{"line":71,"column":2},"end":{"line":71,"column":2}}]},"5":{"line":72,"type":"binary-expr","locations":[{"start":{"line":72,"column":10},"end":{"line":72,"column":39}},{"start":{"line":72,"column":43},"end":{"line":72,"column":47}}]}},"code":["const bunyan = require('bunyan')","const level = require('levelup')","const down = require('leveldown')","const SearchIndexAdder = require('search-index-adder')","const SearchIndexSearcher = require('search-index-searcher')","","module.exports = function (givenOptions, moduleReady) {","  const optionsLoaded = function (err, SearchIndex) {","    const siUtil = require('./siUtil.js')(SearchIndex.options)","    if (err) return moduleReady(err)","    SearchIndex.close = siUtil.close","    SearchIndex.countDocs = siUtil.countDocs","    getAdder(SearchIndex, adderLoaded)","  }","","  const adderLoaded = function (err, SearchIndex) {","    if (err) return moduleReady(err)","    getSearcher(SearchIndex, searcherLoaded)","  }","","  const searcherLoaded = function (err, SearchIndex) {","    if (err) return moduleReady(err)","    return moduleReady(err, SearchIndex)","  }","","  getOptions(givenOptions, optionsLoaded)","}","","const getAdder = function (SearchIndex, done) {","  SearchIndexAdder(SearchIndex.options, function (err, searchIndexAdder) {","    SearchIndex.add = searchIndexAdder.add","    SearchIndex.callbackyAdd = searchIndexAdder.concurrentAdd  // deprecated","    SearchIndex.concurrentAdd = searchIndexAdder.concurrentAdd","    SearchIndex.createWriteStream = searchIndexAdder.createWriteStream","    SearchIndex.dbWriteStream = searchIndexAdder.dbWriteStream","    SearchIndex.defaultPipeline = searchIndexAdder.defaultPipeline","    SearchIndex.del = searchIndexAdder.deleter","    SearchIndex.deleteStream = searchIndexAdder.deleteStream","    SearchIndex.flush = searchIndexAdder.flush","    done(err, SearchIndex)","  })","}","","const getSearcher = function (SearchIndex, done) {","  SearchIndexSearcher(SearchIndex.options, function (err, searchIndexSearcher) {","    SearchIndex.availableFields = searchIndexSearcher.availableFields","    SearchIndex.buckets = searchIndexSearcher.bucketStream","    SearchIndex.categorize = searchIndexSearcher.categoryStream","    SearchIndex.classify = searchIndexSearcher.classify","    SearchIndex.dbReadStream = searchIndexSearcher.dbReadStream","    SearchIndex.get = searchIndexSearcher.get","    SearchIndex.match = searchIndexSearcher.match","    SearchIndex.scan = searchIndexSearcher.scan","    SearchIndex.search = searchIndexSearcher.search","    SearchIndex.totalHits = searchIndexSearcher.totalHits","    done(err, SearchIndex)","  })","}","","const getOptions = function (options, done) {","  var SearchIndex = {}","  SearchIndex.options = Object.assign({}, {","    indexPath: 'si',","    keySeparator: '￮',","    logLevel: 'error'","  }, options)","  options.log = bunyan.createLogger({","    name: 'search-index',","    level: options.logLevel","  })","  if (!options.indexes) {","    level(SearchIndex.options.indexPath || 'si', {","      valueEncoding: 'json',","      db: down","    }, function (err, db) {","      SearchIndex.options.indexes = db","      return done(err, SearchIndex)","    })","  } else {","    return done(null, SearchIndex)","  }","}",""],"l":{"1":1,"2":1,"3":1,"4":1,"5":1,"7":1,"8":0,"9":0,"10":0,"11":0,"12":0,"13":0,"16":0,"17":0,"18":0,"21":0,"22":0,"23":0,"26":0,"29":1,"30":0,"31":0,"32":0,"33":0,"34":0,"35":0,"36":0,"37":0,"38":0,"39":0,"40":0,"44":1,"45":0,"46":0,"47":0,"48":0,"49":0,"50":0,"51":0,"52":0,"53":0,"54":0,"55":0,"56":0,"60":1,"61":0,"62":0,"67":0,"71":0,"72":0,"76":0,"77":0,"80":0}},"/home/travis/build/npmtest/node-npmtest-search-index/node_modules/search-index-adder/index.js":{"path":"/home/travis/build/npmtest/node-npmtest-search-index/node_modules/search-index-adder/index.js","s":{"1":1,"2":1,"3":1,"4":1,"5":1,"6":1,"7":1,"8":1,"9":1,"10":1,"11":1,"12":1,"13":1,"14":1,"15":1,"16":0,"17":0,"18":0,"19":0,"20":0,"21":0,"22":0,"23":0,"24":0,"25":0,"26":0,"27":0,"28":0,"29":0,"30":0,"31":0,"32":0,"33":0,"34":0,"35":0,"36":0,"37":0,"38":0,"39":0,"40":0,"41":0,"42":0,"43":0,"44":0,"45":0,"46":0,"47":0,"48":0,"49":0,"50":0,"51":0,"52":0,"53":0,"54":0,"55":0,"56":0,"57":0,"58":0,"59":0,"60":1,"61":0,"62":0,"63":0,"64":0,"65":0,"66":0,"67":0},"b":{"1":[0,0],"2":[0,0],"3":[0,0],"4":[0,0]},"f":{"1":0,"2":0,"3":0,"4":0,"5":0,"6":0,"7":0,"8":0,"9":0,"10":0,"11":0,"12":0,"13":0,"14":0,"15":0,"16":0,"17":0,"18":0,"19":0,"20":0,"21":0,"22":0,"23":0},"fnMap":{"1":{"name":"(anonymous_1)","line":25,"loc":{"start":{"line":25,"column":17},"end":{"line":25,"column":51}}},"2":{"name":"(anonymous_2)","line":26,"loc":{"start":{"line":26,"column":27},"end":{"line":26,"column":51}}},"3":{"name":"(anonymous_3)","line":30,"loc":{"start":{"line":30,"column":24},"end":{"line":30,"column":51}}},"4":{"name":"(anonymous_4)","line":32,"loc":{"start":{"line":32,"column":26},"end":{"line":32,"column":41}}},"5":{"name":"(anonymous_5)","line":38,"loc":{"start":{"line":38,"column":20},"end":{"line":38,"column":36}}},"6":{"name":"(anonymous_6)","line":39,"loc":{"start":{"line":39,"column":19},"end":{"line":39,"column":31}}},"7":{"name":"(anonymous_7)","line":42,"loc":{"start":{"line":42,"column":21},"end":{"line":42,"column":36}}},"8":{"name":"(anonymous_8)","line":47,"loc":{"start":{"line":47,"column":18},"end":{"line":47,"column":30}}},"9":{"name":"(anonymous_9)","line":53,"loc":{"start":{"line":53,"column":28},"end":{"line":53,"column":61}}},"10":{"name":"(anonymous_10)","line":57,"loc":{"start":{"line":57,"column":9},"end":{"line":57,"column":24}}},"11":{"name":"(anonymous_11)","line":62,"loc":{"start":{"line":62,"column":20},"end":{"line":62,"column":40}}},"12":{"name":"(anonymous_12)","line":63,"loc":{"start":{"line":63,"column":28},"end":{"line":63,"column":43}}},"13":{"name":"(anonymous_13)","line":74,"loc":{"start":{"line":74,"column":28},"end":{"line":74,"column":49}}},"14":{"name":"(anonymous_14)","line":83,"loc":{"start":{"line":83,"column":30},"end":{"line":83,"column":54}}},"15":{"name":"(anonymous_15)","line":88,"loc":{"start":{"line":88,"column":27},"end":{"line":88,"column":46}}},"16":{"name":"(anonymous_16)","line":96,"loc":{"start":{"line":96,"column":22},"end":{"line":96,"column":46}}},"17":{"name":"(anonymous_17)","line":98,"loc":{"start":{"line":98,"column":21},"end":{"line":98,"column":38}}},"18":{"name":"(anonymous_18)","line":103,"loc":{"start":{"line":103,"column":20},"end":{"line":103,"column":32}}},"19":{"name":"(anonymous_19)","line":106,"loc":{"start":{"line":106,"column":19},"end":{"line":106,"column":31}}},"20":{"name":"(anonymous_20)","line":111,"loc":{"start":{"line":111,"column":20},"end":{"line":111,"column":43}}},"21":{"name":"(anonymous_21)","line":112,"loc":{"start":{"line":112,"column":25},"end":{"line":112,"column":40}}},"22":{"name":"(anonymous_22)","line":122,"loc":{"start":{"line":122,"column":19},"end":{"line":122,"column":44}}},"23":{"name":"(anonymous_23)","line":148,"loc":{"start":{"line":148,"column":7},"end":{"line":148,"column":26}}}},"statementMap":{"1":{"start":{"line":9,"column":0},"end":{"line":9,"column":54}},"2":{"start":{"line":10,"column":0},"end":{"line":10,"column":75}},"3":{"start":{"line":11,"column":0},"end":{"line":11,"column":75}},"4":{"start":{"line":12,"column":0},"end":{"line":12,"column":54}},"5":{"start":{"line":13,"column":0},"end":{"line":13,"column":53}},"6":{"start":{"line":14,"column":0},"end":{"line":14,"column":43}},"7":{"start":{"line":15,"column":0},"end":{"line":15,"column":62}},"8":{"start":{"line":16,"column":0},"end":{"line":16,"column":32}},"9":{"start":{"line":17,"column":0},"end":{"line":17,"column":38}},"10":{"start":{"line":18,"column":0},"end":{"line":18,"column":34}},"11":{"start":{"line":19,"column":0},"end":{"line":19,"column":38}},"12":{"start":{"line":20,"column":0},"end":{"line":20,"column":34}},"13":{"start":{"line":21,"column":0},"end":{"line":21,"column":34}},"14":{"start":{"line":23,"column":0},"end":{"line":23,"column":30}},"15":{"start":{"line":25,"column":0},"end":{"line":120,"column":1}},"16":{"start":{"line":26,"column":2},"end":{"line":119,"column":4}},"17":{"start":{"line":27,"column":4},"end":{"line":27,"column":20}},"18":{"start":{"line":28,"column":4},"end":{"line":28,"column":29}},"19":{"start":{"line":30,"column":4},"end":{"line":45,"column":9}},"20":{"start":{"line":31,"column":6},"end":{"line":31,"column":50}},"21":{"start":{"line":32,"column":6},"end":{"line":34,"column":8}},"22":{"start":{"line":33,"column":8},"end":{"line":33,"column":19}},"23":{"start":{"line":35,"column":6},"end":{"line":35,"column":18}},"24":{"start":{"line":36,"column":6},"end":{"line":44,"column":10}},"25":{"start":{"line":40,"column":10},"end":{"line":40,"column":27}},"26":{"start":{"line":43,"column":10},"end":{"line":43,"column":30}},"27":{"start":{"line":47,"column":4},"end":{"line":51,"column":5}},"28":{"start":{"line":48,"column":6},"end":{"line":50,"column":40}},"29":{"start":{"line":53,"column":4},"end":{"line":60,"column":5}},"30":{"start":{"line":54,"column":6},"end":{"line":59,"column":8}},"31":{"start":{"line":58,"column":8},"end":{"line":58,"column":17}},"32":{"start":{"line":62,"column":4},"end":{"line":72,"column":5}},"33":{"start":{"line":63,"column":6},"end":{"line":71,"column":8}},"34":{"start":{"line":64,"column":8},"end":{"line":66,"column":9}},"35":{"start":{"line":65,"column":10},"end":{"line":65,"column":41}},"36":{"start":{"line":67,"column":8},"end":{"line":70,"column":9}},"37":{"start":{"line":68,"column":10},"end":{"line":68,"column":40}},"38":{"start":{"line":69,"column":10},"end":{"line":69,"column":23}},"39":{"start":{"line":74,"column":4},"end":{"line":81,"column":5}},"40":{"start":{"line":75,"column":6},"end":{"line":75,"column":63}},"41":{"start":{"line":76,"column":6},"end":{"line":80,"column":7}},"42":{"start":{"line":77,"column":8},"end":{"line":77,"column":46}},"43":{"start":{"line":79,"column":8},"end":{"line":79,"column":46}},"44":{"start":{"line":83,"column":4},"end":{"line":86,"column":5}},"45":{"start":{"line":84,"column":6},"end":{"line":84,"column":61}},"46":{"start":{"line":85,"column":6},"end":{"line":85,"column":43}},"47":{"start":{"line":88,"column":4},"end":{"line":94,"column":5}},"48":{"start":{"line":89,"column":6},"end":{"line":93,"column":7}},"49":{"start":{"line":96,"column":4},"end":{"line":109,"column":5}},"50":{"start":{"line":97,"column":6},"end":{"line":97,"column":30}},"51":{"start":{"line":98,"column":6},"end":{"line":100,"column":8}},"52":{"start":{"line":99,"column":8},"end":{"line":99,"column":37}},"53":{"start":{"line":101,"column":6},"end":{"line":101,"column":18}},"54":{"start":{"line":102,"column":6},"end":{"line":108,"column":10}},"55":{"start":{"line":107,"column":10},"end":{"line":107,"column":20}},"56":{"start":{"line":111,"column":4},"end":{"line":115,"column":5}},"57":{"start":{"line":112,"column":6},"end":{"line":114,"column":8}},"58":{"start":{"line":113,"column":8},"end":{"line":113,"column":31}},"59":{"start":{"line":118,"column":4},"end":{"line":118,"column":33}},"60":{"start":{"line":122,"column":0},"end":{"line":155,"column":1}},"61":{"start":{"line":123,"column":2},"end":{"line":139,"column":13}},"62":{"start":{"line":140,"column":2},"end":{"line":143,"column":4}},"63":{"start":{"line":144,"column":2},"end":{"line":154,"column":3}},"64":{"start":{"line":145,"column":4},"end":{"line":151,"column":6}},"65":{"start":{"line":149,"column":6},"end":{"line":149,"column":26}},"66":{"start":{"line":150,"column":6},"end":{"line":150,"column":24}},"67":{"start":{"line":153,"column":4},"end":{"line":153,"column":23}}},"branchMap":{"1":{"line":67,"type":"if","locations":[{"start":{"line":67,"column":8},"end":{"line":67,"column":8}},{"start":{"line":67,"column":8},"end":{"line":67,"column":8}}]},"2":{"line":76,"type":"if","locations":[{"start":{"line":76,"column":6},"end":{"line":76,"column":6}},{"start":{"line":76,"column":6},"end":{"line":76,"column":6}}]},"3":{"line":144,"type":"if","locations":[{"start":{"line":144,"column":2},"end":{"line":144,"column":2}},{"start":{"line":144,"column":2},"end":{"line":144,"column":2}}]},"4":{"line":145,"type":"binary-expr","locations":[{"start":{"line":145,"column":12},"end":{"line":145,"column":29}},{"start":{"line":145,"column":33},"end":{"line":145,"column":37}}]}},"code":["/*","search-index-adder","","The module that adds documents into search-index' can also be run as a","standalone","","*/","","const DBEntries = require('./lib/delete.js').DBEntries","const DBWriteCleanStream = require('./lib/replicate.js').DBWriteCleanStream","const DBWriteMergeStream = require('./lib/replicate.js').DBWriteMergeStream","const DocVector = require('./lib/delete.js').DocVector","const IndexBatch = require('./lib/add.js').IndexBatch","const Readable = require('stream').Readable","const RecalibrateDB = require('./lib/delete.js').RecalibrateDB","const bunyan = require('bunyan')","const del = require('./lib/delete.js')","const docProc = require('docproc')","const leveldown = require('leveldown')","const levelup = require('levelup')","const pumpify = require('pumpify')","","const async = require('async')","","module.exports = function (givenOptions, callback) {","  getOptions(givenOptions, function (err, options) {","    var Indexer = {}","    Indexer.options = options","","    var q = async.queue(function (batch, callback) {","      const s = new Readable({ objectMode: true })","      batch.batch.forEach(function (doc) {","        s.push(doc)","      })","      s.push(null)","      s.pipe(Indexer.defaultPipeline(batch.batchOps))","        .pipe(Indexer.add())","        .on('data', function (data) {})","        .on('end', function () {","          return callback()","        })","        .on('error', function (err) {","          return callback(err)","        })","    }, 1)","","    Indexer.add = function () {","      return pumpify.obj(","        new IndexBatch(Indexer),","        new DBWriteMergeStream(options))","    }","","    Indexer.concurrentAdd = function (batchOps, batch, done) {","      q.push({","        batch: batch,","        batchOps: batchOps","      }, function (err) {","        done(err)","      })","    }","","    Indexer.close = function (callback) {","      options.indexes.close(function (err) {","        while (!options.indexes.isClosed()) {","          options.log.debug('closing...')","        }","        if (options.indexes.isClosed()) {","          options.log.debug('closed...')","          callback(err)","        }","      })","    }","","    Indexer.dbWriteStream = function (streamOps) {","      streamOps = Object.assign({}, { merge: true }, streamOps)","      if (streamOps.merge) {","        return new DBWriteMergeStream(options)","      } else {","        return new DBWriteCleanStream(options)","      }","    }","","    Indexer.defaultPipeline = function (batchOptions) {","      batchOptions = Object.assign({}, options, batchOptions)","      return docProc.pipeline(batchOptions)","    }","","    Indexer.deleteStream = function (options) {","      return pumpify.obj(","        new DocVector(options),","        new DBEntries(options),","        new RecalibrateDB(options)","      )","    }","","    Indexer.deleter = function (docIds, done) {","      const s = new Readable()","      docIds.forEach(function (docId) {","        s.push(JSON.stringify(docId))","      })","      s.push(null)","      s.pipe(Indexer.deleteStream(options))","        .on('data', function () {","          // nowt","        })","        .on('end', function () {","          done(null)","        })","    }","","    Indexer.flush = function (APICallback) {","      del.flush(options, function (err) {","        return APICallback(err)","      })","    }","","    //  return Indexer","    return callback(err, Indexer)","  })","}","","const getOptions = function (options, done) {","  options = Object.assign({}, {","    deletable: true,","    batchSize: 100000,","    fieldedSearch: true,","    fieldOptions: {},","    preserveCase: false,","    keySeparator: '￮',","    storeable: true,","    searchable: true,","    indexPath: 'si',","    logLevel: 'error',","    nGramLength: 1,","    nGramSeparator: ' ',","    separator: /\\s|\\\\n|\\\\u0003|[-.,<>]/,","    stopwords: [],","    weight: 0","  }, options)","  options.log = bunyan.createLogger({","    name: 'search-index',","    level: options.logLevel","  })","  if (!options.indexes) {","    levelup(options.indexPath || 'si', {","      valueEncoding: 'json',","      db: leveldown","    }, function (err, db) {","      options.indexes = db","      done(err, options)","    })","  } else {","    done(null, options)","  }","}",""],"l":{"9":1,"10":1,"11":1,"12":1,"13":1,"14":1,"15":1,"16":1,"17":1,"18":1,"19":1,"20":1,"21":1,"23":1,"25":1,"26":0,"27":0,"28":0,"30":0,"31":0,"32":0,"33":0,"35":0,"36":0,"40":0,"43":0,"47":0,"48":0,"53":0,"54":0,"58":0,"62":0,"63":0,"64":0,"65":0,"67":0,"68":0,"69":0,"74":0,"75":0,"76":0,"77":0,"79":0,"83":0,"84":0,"85":0,"88":0,"89":0,"96":0,"97":0,"98":0,"99":0,"101":0,"102":0,"107":0,"111":0,"112":0,"113":0,"118":0,"122":1,"123":0,"140":0,"144":0,"145":0,"149":0,"150":0,"153":0}},"/home/travis/build/npmtest/node-npmtest-search-index/node_modules/search-index-adder/lib/delete.js":{"path":"/home/travis/build/npmtest/node-npmtest-search-index/node_modules/search-index-adder/lib/delete.js","s":{"1":1,"2":1,"3":1,"4":0,"5":0,"6":0,"7":0,"8":0,"9":0,"10":0,"11":1,"12":0,"13":0,"14":1,"15":1,"16":1,"17":0,"18":0,"19":0,"20":0,"21":0,"22":0,"23":1,"24":0,"25":0,"26":1,"27":1,"28":1,"29":0,"30":0,"31":0,"32":0,"33":0,"34":0,"35":0,"36":0,"37":0,"38":0,"39":1,"40":0,"41":0,"42":1,"43":1,"44":1,"45":0,"46":0,"47":0,"48":0,"49":0,"50":0,"51":0,"52":0,"53":0,"54":0,"55":0,"56":0,"57":0,"58":0,"59":0,"60":0,"61":0,"62":0,"63":0,"64":0,"65":0,"66":0,"67":0,"68":0,"69":0,"70":0,"71":0,"72":0,"73":0},"b":{"1":[0,0],"2":[0,0],"3":[0,0],"4":[0,0],"5":[0,0],"6":[0,0],"7":[0,0],"8":[0,0],"9":[0,0]},"f":{"1":0,"2":0,"3":0,"4":0,"5":0,"6":0,"7":0,"8":0,"9":0,"10":0,"11":0,"12":0,"13":0,"14":0,"15":0},"fnMap":{"1":{"name":"(anonymous_1)","line":7,"loc":{"start":{"line":7,"column":16},"end":{"line":7,"column":45}}},"2":{"name":"(anonymous_2)","line":11,"loc":{"start":{"line":11,"column":16},"end":{"line":11,"column":32}}},"3":{"name":"(anonymous_3)","line":14,"loc":{"start":{"line":14,"column":17},"end":{"line":14,"column":32}}},"4":{"name":"(anonymous_4)","line":18,"loc":{"start":{"line":18,"column":15},"end":{"line":18,"column":27}}},"5":{"name":"(anonymous_5)","line":23,"loc":{"start":{"line":23,"column":18},"end":{"line":23,"column":37}}},"6":{"name":"(anonymous_6)","line":29,"loc":{"start":{"line":29,"column":33},"end":{"line":29,"column":65}}},"7":{"name":"(anonymous_7)","line":36,"loc":{"start":{"line":36,"column":16},"end":{"line":36,"column":32}}},"8":{"name":"(anonymous_8)","line":38,"loc":{"start":{"line":38,"column":17},"end":{"line":38,"column":29}}},"9":{"name":"(anonymous_9)","line":43,"loc":{"start":{"line":43,"column":18},"end":{"line":43,"column":37}}},"10":{"name":"(anonymous_10)","line":49,"loc":{"start":{"line":49,"column":33},"end":{"line":49,"column":66}}},"11":{"name":"(anonymous_11)","line":72,"loc":{"start":{"line":72,"column":22},"end":{"line":72,"column":41}}},"12":{"name":"(anonymous_12)","line":78,"loc":{"start":{"line":78,"column":37},"end":{"line":78,"column":71}}},"13":{"name":"(anonymous_13)","line":81,"loc":{"start":{"line":81,"column":40},"end":{"line":81,"column":62}}},"14":{"name":"(anonymous_14)","line":91,"loc":{"start":{"line":91,"column":41},"end":{"line":91,"column":57}}},"15":{"name":"(anonymous_15)","line":112,"loc":{"start":{"line":112,"column":48},"end":{"line":112,"column":63}}}},"statementMap":{"1":{"start":{"line":3,"column":0},"end":{"line":3,"column":28}},"2":{"start":{"line":4,"column":0},"end":{"line":4,"column":45}},"3":{"start":{"line":7,"column":0},"end":{"line":21,"column":1}},"4":{"start":{"line":8,"column":2},"end":{"line":8,"column":34}},"5":{"start":{"line":9,"column":2},"end":{"line":9,"column":20}},"6":{"start":{"line":10,"column":2},"end":{"line":20,"column":6}},"7":{"start":{"line":12,"column":6},"end":{"line":12,"column":46}},"8":{"start":{"line":15,"column":6},"end":{"line":15,"column":54}},"9":{"start":{"line":16,"column":6},"end":{"line":16,"column":26}},"10":{"start":{"line":19,"column":6},"end":{"line":19,"column":48}},"11":{"start":{"line":23,"column":0},"end":{"line":26,"column":1}},"12":{"start":{"line":24,"column":2},"end":{"line":24,"column":24}},"13":{"start":{"line":25,"column":2},"end":{"line":25,"column":44}},"14":{"start":{"line":27,"column":0},"end":{"line":27,"column":29}},"15":{"start":{"line":28,"column":0},"end":{"line":28,"column":35}},"16":{"start":{"line":29,"column":0},"end":{"line":41,"column":1}},"17":{"start":{"line":30,"column":2},"end":{"line":30,"column":27}},"18":{"start":{"line":31,"column":2},"end":{"line":31,"column":39}},"19":{"start":{"line":32,"column":2},"end":{"line":32,"column":17}},"20":{"start":{"line":33,"column":2},"end":{"line":40,"column":4}},"21":{"start":{"line":37,"column":4},"end":{"line":37,"column":19}},"22":{"start":{"line":39,"column":4},"end":{"line":39,"column":16}},"23":{"start":{"line":43,"column":0},"end":{"line":46,"column":1}},"24":{"start":{"line":44,"column":2},"end":{"line":44,"column":24}},"25":{"start":{"line":45,"column":2},"end":{"line":45,"column":44}},"26":{"start":{"line":47,"column":0},"end":{"line":47,"column":29}},"27":{"start":{"line":48,"column":0},"end":{"line":48,"column":35}},"28":{"start":{"line":49,"column":0},"end":{"line":70,"column":1}},"29":{"start":{"line":50,"column":2},"end":{"line":50,"column":39}},"30":{"start":{"line":51,"column":2},"end":{"line":51,"column":11}},"31":{"start":{"line":52,"column":2},"end":{"line":63,"column":3}},"32":{"start":{"line":53,"column":4},"end":{"line":53,"column":36}},"33":{"start":{"line":54,"column":4},"end":{"line":54,"column":40}},"34":{"start":{"line":55,"column":4},"end":{"line":58,"column":6}},"35":{"start":{"line":59,"column":4},"end":{"line":62,"column":6}},"36":{"start":{"line":64,"column":2},"end":{"line":64,"column":30}},"37":{"start":{"line":65,"column":2},"end":{"line":65,"column":50}},"38":{"start":{"line":69,"column":2},"end":{"line":69,"column":14}},"39":{"start":{"line":72,"column":0},"end":{"line":75,"column":1}},"40":{"start":{"line":73,"column":2},"end":{"line":73,"column":24}},"41":{"start":{"line":74,"column":2},"end":{"line":74,"column":44}},"42":{"start":{"line":76,"column":0},"end":{"line":76,"column":37}},"43":{"start":{"line":77,"column":0},"end":{"line":77,"column":39}},"44":{"start":{"line":78,"column":0},"end":{"line":119,"column":1}},"45":{"start":{"line":79,"column":2},"end":{"line":79,"column":39}},"46":{"start":{"line":80,"column":2},"end":{"line":80,"column":17}},"47":{"start":{"line":81,"column":2},"end":{"line":118,"column":4}},"48":{"start":{"line":82,"column":4},"end":{"line":84,"column":5}},"49":{"start":{"line":83,"column":6},"end":{"line":83,"column":32}},"50":{"start":{"line":86,"column":4},"end":{"line":86,"column":26}},"51":{"start":{"line":86,"column":16},"end":{"line":86,"column":26}},"52":{"start":{"line":87,"column":4},"end":{"line":87,"column":29}},"53":{"start":{"line":88,"column":4},"end":{"line":88,"column":26}},"54":{"start":{"line":89,"column":4},"end":{"line":89,"column":35}},"55":{"start":{"line":90,"column":4},"end":{"line":111,"column":5}},"56":{"start":{"line":91,"column":6},"end":{"line":93,"column":8}},"57":{"start":{"line":92,"column":8},"end":{"line":92,"column":34}},"58":{"start":{"lin
[...]
err) // TODO something clever with err","          // const vector = {}","          clause.queryClause.AND[field].forEach(function (token) {","            tfVectors[field + sep + token] = docVector[token]","          })","          // How to recognise last field?","          if (++fieldFetchCounter === fields.length) {","            var documentFrequencies = clause.termFrequencies","            // All vectors loaded from index: work out score","            // At this stage documents are scores per clause- the clauses are merged later","            // Work out tfidf per field/token","            const tfidf = {}","            for (var j = 0; j <= documentFrequencies.length; j++) {","              var item = documentFrequencies[j]","              if (!item) continue","              var tf = +item.tf","              var df = +tfVectors[item.gte] // should this be gte?","              var idf = Math.log10(1 + (1 / df))","              tfidf[item.gte] = (tf * idf)","            }","","            // Work out tfidf per clause","            var score = (Object.keys(tfidf).reduce(function (prev, cur) {","              return (tfidf[prev] || 0) + tfidf[cur]","            }, 0) / Object.keys(tfidf).length)","","            that.push({","              id: docID,","              scoringCriteria: [{","                tf: tfVectors,","                df: documentFrequencies,","                tfidf: tfidf,","                boost: +clause.queryClause.BOOST,","                score: score - +clause.queryClause.BOOST","              }],","              score: score - +clause.queryClause.BOOST","            })","","            if (++i === clause.topScoringDocs.length) {","              return end()","            }","          }","        })","    })","  })","}",""],"l":{"1":1,"2":1,"4":1,"5":0,"6":0,"8":1,"9":1,"10":1,"11":0,"12":0,"13":0,"14":0,"15":0,"19":0,"21":0,"22":0,"24":0,"26":0,"27":0,"29":0,"31":0,"33":0,"34":0,"37":0,"38":0,"42":0,"43":0,"44":0,"45":0,"46":0,"47":0,"48":0,"49":0,"53":0,"54":0,"57":0,"69":0,"70":0}},"/home/travis/build/npmtest/node-npmtest-search-index/node_modules/search-index-searcher/lib/SortTopScoringDocs.js":{"path":"/home/travis/build/npmtest/node-npmtest-search-index/node_modules/search-index-searcher/lib/SortTopScoringDocs.js","s":{"1":1,"2":1,"3":1,"4":0,"5":0,"6":0,"7":0,"8":0,"9":0,"10":1,"11":1,"12":1,"13":0,"14":0,"15":1,"16":0,"17":0,"18":0,"19":0,"20":0,"21":0,"22":0,"23":0,"24":0,"25":0,"26":0,"27":0,"28":0,"29":0,"30":0,"31":0,"32":0,"33":0,"34":0,"35":0,"36":0,"37":0,"38":0,"39":0,"40":0,"41":0},"b":{"1":[0,0],"2":[0,0],"3":[0,0],"4":[0,0],"5":[0,0],"6":[0,0],"7":[0,0],"8":[0,0],"9":[0,0],"10":[0,0],"11":[0,0]},"f":{"1":0,"2":0,"3":0,"4":0,"5":0,"6":0},"fnMap":{"1":{"name":"(anonymous_1)","line":4,"loc":{"start":{"line":4,"column":27},"end":{"line":4,"column":40}}},"2":{"name":"(anonymous_2)","line":16,"loc":{"start":{"line":16,"column":42},"end":{"line":16,"column":72}}},"3":{"name":"(anonymous_3)","line":20,"loc":{"start":{"line":20,"column":38},"end":{"line":20,"column":53}}},"4":{"name":"(anonymous_4)","line":23,"loc":{"start":{"line":23,"column":41},"end":{"line":23,"column":57}}},"5":{"name":"(anonymous_5)","line":31,"loc":{"start":{"line":31,"column":41},"end":{"line":31,"column":57}}},"6":{"name":"(anonymous_6)","line":40,"loc":{"start":{"line":40,"column":25},"end":{"line":40,"column":40}}}},"statementMap":{"1":{"start":{"line":1,"column":0},"end":{"line":1,"column":45}},"2":{"start":{"line":2,"column":0},"end":{"line":2,"column":28}},"3":{"start":{"line":4,"column":0},"end":{"line":13,"column":1}},"4":{"start":{"line":5,"column":2},"end":{"line":5,"column":21}},"5":{"start":{"line":6,"column":2},"end":{"line":6,"column":12}},"6":{"start":{"line":7,"column":2},"end":{"line":11,"column":3}},"7":{"start":{"line":8,"column":4},"end":{"line":10,"column":5}},"8":{"start":{"line":9,"column":6},"end":{"line":9,"column":43}},"9":{"start":{"line":12,"column":2},"end":{"line":12,"column":44}},"10":{"start":{"line":14,"column":0},"end":{"line":14,"column":47}},"11":{"start":{"line":15,"column":0},"end":{"line":15,"column":44}},"12":{"start":{"line":16,"column":0},"end":{"line":19,"column":1}},"13":{"start":{"line":17,"column":2},"end":{"line":17,"column":26}},"14":{"start":{"line":18,"column":2},"end":{"line":18,"column":14}},"15":{"start":{"line":20,"column":0},"end":{"line":44,"column":1}},"16":{"start":{"line":21,"column":2},"end":{"line":21,"column":19}},"17":{"start":{"line":22,"column":2},"end":{"line":38,"column":3}},"18":{"start":{"line":23,"column":4},"end":{"line":29,"column":6}},"19":{"start":{"line":24,"column":6},"end":{"line":24,"column":37}},"20":{"start":{"line":24,"column":29},"end":{"line":24,"column":37}},"21":{"start":{"line":25,"column":6},"end":{"line":25,"column":38}},"22":{"start":{"line":25,"column":29},"end":{"line":25,"column":38}},"23":{"start":{"line":26,"column":6},"end":{"line":26,"column":31}},"24":{"start":{"line":26,"column":23},"end":{"line":26,"column":31}},"25":{"start":{"line":27,"column":6},"end":{"line":27,"column":32}},"26":{"start":{"line":27,"column":23},"end":{"line":27,"column":32}},"27":{"start":{"line":28,"column":6},"end":{"line":28,"column":14}},"28":{"start":{"line":31,"column":4},"end":{"line":37,"column":6}},"29":{"start":{"line":32,"column":6},"end":{"line":32,"column":37}},"30":{"start":{"line":32,"column":29},"end":{"line":32,"column":37}},"31":{"start":{"line":33,"column":6},"end":{"line":33,"column":38}},"32":{"start":{"line":33,"column":29},"end":{"line":33,"column":38}},"33":{"start":{"line":34,"column":6},"end":{"line":34,"column":31}},"34":{"start":{"line":34,"column":23},"end":{"line":34,"column":31}},"35":{"start":{"line":35,"column":6},"end":{"line":35,"column":32}},"36":{"start":{"line":35,"column":23},"end":{"line":35,"column":32}},"37":{"start":{"line":36,"column":6},"end":{"line":36,"column":14}},"38":{"start":{"line":39,"column":2},"end":{"line":39,"column":87}},"39":{"start":{"line":40,"column":2},"end":{"line":42,"column":4}},"40":{"start":{"line":41,"column":4},"end":{"line":41,"column":18}},"41":{"start":{"line":43,"column":2},"end":{"line":43,"column":14}}},"branchMap":{"1":{"line":7,"type":"if","locations":[{"start":{"line":7,"column":2},"end":{"line":7,"column":2}},{"start":{"line":7,"column":2},"end":{"line":7,"column":2}}]},"2":{"line":8,"type":"if","locations":[{"start":{"line":8,"column":4},"end":{"line":8,"column":4}},{"start":{"line":8,"column":4},"end":{"line":8,"column":4}}]},"3":{"line":22,"type":"if","locations":[{"start":{"line":22,"column":2},"end":{"line":22,"column":2}},{"start":{"line":22,"column":2},"end":{"line":22,"column":2}}]},"4":{"line":24,"type":"if","locations":[{"start":{"line":24,"column":6},"end":{"line":24,"column":6}},{"start":{"line":24,"column":6},"end":{"line":24,"column":6}}]},"5":{"line":25,"type":"if","locations":[{"start":{"line":25,"column":6},"end":{"line":25,"column":6}},{"start":{"line":25,"column":6},"end":{"line":25,"column":6}}]},"6":{"line":26,"type":"if","locations":[{"start":{"line":26,"column":6},"end":{"line":26,"column":6}},{"start":{"line":26,"column":6},"end":{"line":26,"column":6}}]},"7":{"line":27,"type":"if","locations":[{"start":{"line":27,"column":6},"end":{"line":27,"column":6}},{"start":{"line":27,"column":6},"end":{"line":27,"column":6}}]},"8":{"line":32,"type":"if","locations":[{"start":{"line":32,"column":6},"end":{"line":32,"column":6}},{"start":{"line":32,"column":6},"end":{"line":32,"column":6}}]},"9":{"line":33,"type":"if","locations":[{"start":{"line":33,"column":6},"end":{"line":33,"column":6}},{"start":{"line":33,"column":6},"end":{"line":33,"column":6}}]},"10":{"line":34,"type":"if","locations":[{"start":{"line":34,"column":6},"end":{"line":34,"column":6}},{"start":{"line":34,"column":6},"end":{"line":34,"column":6}}]},"11":{"line":35,"type":"if","locations":[{"start":{"line":35,"column":6},"end":{"line":35,"column":6}},{"start":{"line":35,"column":6},"end":{"line":35,"column":6}}]}},"code":["const Transform = require('stream').Transform","const util = require('util')","","const SortTopScoringDocs = function (q) {","  this.resultSet = []","  this.q = q","  if (q.sort) {","    if (q.sort.direction) {","      this.sortDirection = q.sort.direction","    }","  }","  Transform.call(this, { objectMode: true })","}","exports.SortTopScoringDocs = SortTopScoringDocs","util.inherits(SortTopScoringDocs, Transform)","SortTopScoringDocs.prototype._transform = function (doc, encoding, end) {","  this.resultSet.push(doc)","  return end()","}","SortTopScoringDocs.prototype._flush = function (end) {","  const that = this","  if (this.sortDirection === 'desc') {","    this.resultSet = this.resultSet.sort(function (a, b) {","      if (a.score < b.score) return 2","      if (a.score > b.score) return -2","      if (a.id < b.id) return 1","      if (a.id > b.id) return -1","      return 0","    })","  } else {","    this.resultSet = this.resultSet.sort(function (a, b) {","      if (a.score > b.score) return 2","      if (a.score < b.score) return -2","      if (a.id < b.id) return 1","      if (a.id > b.id) return -1","      return 0","    })","  }","  this.resultSet = this.resultSet.slice(this.q.offset, this.q.offset + this.q.pageSize)","  this.resultSet.forEach(function (hit) {","    that.push(hit)","  })","  return end()","}",""],"l":{"1":1,"2":1,"4":1,"5":0,"6":0,"7":0,"8":0,"9":0,"12":0,"14":1,"15":1,"16":1,"17":0,"18":0,"20":1,"21":0,"22":0,"23":0,"24":0,"25":0,"26":0,"27":0,"28":0,"31":0,"32":0,"33":0,"34":0,"35":0,"36":0,"39":0,"40":0,"41":0,"43":0}},"/home/travis/build/npmtest/node-npmtest-search-index/node_modules/search-index-searcher/lib/matcher.js":{"path":"/home/travis/build/npmtest/node-npmtest-search-index/node_modules/search-index-searcher/lib/matcher.js","s":{"1":1,"2":1,"3":1,"4":1,"5":0,"6":0,"7":1,"8":1,"9":0,"10":0,"11":0,"12":0,"13":0,"14":0,"15":0,"16":0,"17":0,"18":0,"19":0,"20":0,"21":0,"22":0,"23":0,"24":0,"25":0,"26":1,"27":0,"28":0,"29":0,"30":0,"31":0,"32":0,"33":0,"34":0},"b":{"1":[0,0,0],"2":[0,0]},"f":{"1":0,"2":0,"3":0,"4":0,"5":0,"6":0,"7":0,"8":0},"fnMap":{"1":{"name":"(anonymous_1)","line":5,"loc":{"start":{"line":5,"column":22},"end":{"line":5,"column":44}}},"2":{"name":"(anonymous_2)","line":10,"loc":{"start":{"line":10,"column":37},"end":{"line":10,"column":65}}},"3":{"name":"(anonymous_3)","line":18,"loc":{"start":{"line":18,"column":14},"end":{"line":18,"column":30}}},"4":{"name":"(anonymous_4)","line":21,"loc":{"start":{"line":21,"column":15},"end":{"line":21,"column":30}}},"5":{"name":"(anonymous_5)","line":25,"loc":{"start":{"line":25,"column":13},"end":{"line":25,"column":25}}},"6":{"name":"(anonymous_6)","line":26,"loc":{"start":{"line":26,"column":17},"end":{"line":26,"column":33}}},"7":{"name":"(anonymous_7)","line":30,"loc":{"start":{"line":30,"column":15},"end":{"line":30,"column":31}}},"8":{"name":"(anonymous_8)","line":49,"loc":{"start":{"line":49,"column":16},"end":{"line":49,"column":38}}}},"statementMap":{"1":{"start":{"line":1,"column":0},"end":{"line":1,"column":43}},"2":{"start":{"line":2,"column":0},"end":{"line":2,"column":45}},"3":{"start":{"line":3,"column":0},"end":{"line":3,"column":28}},"4":{"start":{"line":5,"column":0},"end":{"line":8,"column":1}},"5":{"start":{"line":6,"column":2},"end":{"line":6,"column":24}},"6":{"start":{"line":7,"column":2},"end":{"line":7,"column":44}},"7":{"start":{"line":9,"column":0},"end":{"line":9,"column":39}},"8":{"start":{"line":10,"column":0},"end":{"line":47,"column":1}},"9":{"start":{"line":11,"column":2},"end":{"line":11,"column":39}},"10":{"start":{"line":12,"column":2},"end":{"line":12,"column":19}},"11":{"start":{"line":13,"column":2},"end":{"line":13,"column":18}},"12":{"start":{"line":14,"column":2},"end":{"line":46,"column":4}},"13":{"start":{"line":19,"column":4},"end":{"line":19,"column":22}},"14":{"start":{"line":22,"column":4},"end":{"line":22,"column":41}},"15":{"start":{"line":26,"column":4},"end":{"line":44,"column":8}},"16":{"start":{"line":27,"column":6},"end":{"line":27,"column":44}},"17":{"start":{"line":31,"column":8},"end":{"line":31,"column":18}},"18":{"start":{"line":32,"column":8},"end":{"line":42,"column":9}},"19":{"start":{"line":33,"column":21},"end":{"line":36,"column":12}},"20":{"start":{"line":36,"column":13},"end":{"line":36,"column":18}},"21":{"start":{"line":37,"column":24},"end":{"line":40,"column":12}},"22":{"start":{"line":40,"column":13},"end":{"line":40,"column":18}},"23":{"start":{"line":41,"column":19},"end":{"line":41,"column":45}},"24":{"start":{"line":43,"column":8},"end":{"line":43,"column":20}},"25":{"start":{"line":45,"column":4},"end":{"line":45,"column":16}},"26":{"start":{"line":49,"column":0},"end":{"line":66,"column":1}},"27":{"start":{"line":50,"column":2},"end":{"line":50,"column":44}},"28":{"start":{"line":51,"column":2},"end":{"line":57,"column":7}},"29":{"start":{"line":58,"column":2},"end":{"line":61,"column":3}},"30":{"start":{"line":59,"column":4},"end":{"line":59,"column":16}},"31":{"start":{"line":60,"column":4},"end":{"line":60,"column":12}},"32":{"start":{"line":62,"column":2},"end":{"line":62,"column":11}},"33":{"start":{"line":63,"column":2},"end":{"line":63,"column":14}},"34":{"start":{"line":65,"column":2},"end":{"line":65,"column":46}}},"branchMap":{"1":{"line":32,"type":"switch","locations":[{"start":{"line":33,"column":10},"end":{"line":36,"column":18}},{"start":{"line":37,"column":10},"end":{"line":40,"column":18}},{"start":{"line":41,"column":10},"end":{"line":41,"column":45}}]},"2":{"line":58,"type":"if","locations":[{"start":{"line":58,"column":2},"end":{"line":58,"column":2}},{"start":{"line":58,"column":2},"end":{"line":58,"column":2}}]}},"code":["const Readable = require('stream').Readable","const Transform = require('stream').Transform","const util = require('util')","","const MatcherStream = function (q, options) {","  this.options = options","  Transform.call(this, { objectMode: true })","}","util.inherits(MatcherStream, Transform)","MatcherStream.prototype._transform = function (q, encoding, end) {","  const sep = this.options.keySeparator","  const that = this","  var results = []","  this.options.indexes.createReadStream({","    start: 'DF' + sep + q.field + sep + q.beginsWith,","    end: 'DF' + sep + q.field + sep + q.beginsWith + sep","  })","  .on('data', function (data) {","    results.push(data)","  })","  .on('error', function (err) {","    that.options.log.error('Oh my!', err)","  })","  // .on('end', sortResults)","  .on('end', function () {","    results.sort(function (a, b) {","      return b.value.length - a.value.length","    })","      .slice(0, q.limit)","      .forEach(function (item) {","        var m = {}","        switch (q.type) {","          case 'ID': m = {","            token: item.key.split(sep)[2],","            documents: item.value","          }; break","          case 'count': m = {","            token: item.key.split(sep)[2],","            documentCount: item.value.length","          }; break","          default: m = item.key.split(sep)[2]","        }","        that.push(m)","      })","    return end()","  })","}","","exports.match = function (q, options) {","  var s = new Readable({ objectMode: true })","  q = Object.assign({}, {","    beginsWith: '',","    field: '*',","    threshold: 3,","    limit: 10,","    type: 'simple'","  }, q)","  if (q.beginsWith.length < q.threshold) {","    s.push(null)","    return s","  }","  s.push(q)","  s.push(null)","","  return s.pipe(new MatcherStream(q, options))","}",""],"l":{"1":1,"2":1,"3":1,"5":1,"6":0,"7":0,"9":1,"10":1,"11":0,"12":0,"13":0,"14":0,"19":0,"22":0,"26":0,"27":0,"31":0,"32":0,"33":0,"36":0,"37":0,"40":0,"41":0,"43":0,"45":0,"49":1,"50":0,"51":0,"58":0,"59":0,"60":0,"62":0,"63":0,"65":0}},"/home/travis/build/npmtest/node-npmtest-search-index/node_modules/search-index/lib/siUtil.js":{"path":"/home/travis/build/npmtest/node-npmtest-search-index/node_modules/search-index/lib/siUtil.js","s":{"1":1,"2":0,"3":0,"4":0,"5":0,"6":0,"7":0,"8":0,"9":0,"10":0,"11":0,"12":0,"13":0,"14":0,"15":0,"16":0,"17":0,"18":0,"19":0,"20":0},"b":{"1":[0,0],"2":[0,0],"3":[0,0]},"f":{"1":0,"2":0,"3":0,"4":0,"5":0,"6":0,"7":0},"fnMap":{"1":{"name":"(anonymous_1)","line":1,"loc":{"start":{"line":1,"column":17},"end":{"line":1,"column":37}}},"2":{"name":"(anonymous_2)","line":4,"loc":{"start":{"line":4,"column":21},"end":{"line":4,"column":41}}},"3":{"name":"(anonymous_3)","line":9,"loc":{"start":{"line":9,"column":18},"end":{"line":9,"column":34}}},"4":{"name":"(anonymous_4)","line":12,"loc":{"start":{"line":12,"column":19},"end":{"line":12,"column":34}}},"5":{"name":"(anonymous_5)","line":15,"loc":{"start":{"line":15,"column":17},"end":{"line":15,"column":29}}},"6":{"name":"(anonymous_6)","line":20,"loc":{"start":{"line":20,"column":17},"end":{"line":20,"column":37}}},"7":{"name":"(anonymous_7)","line":21,"loc":{"start":{"line":21,"column":28},"end":{"line":21,"column":43}}}},"statementMap":{"1":{"start":{"line":1,"column":0},"end":{"line":34,"column":1}},"2":{"start":{"line":2,"column":2},"end":{"line":2,"column":17}},"3":{"start":{"line":4,"column":2},"end":{"line":18,"column":3}},"4":{"start":{"line":5,"column":4},"end":{"line":5,"column":17}},"5":{"start":{"line":6,"column":4},"end":{"line":6,"column":51}},"6":{"start":{"line":7,"column":4},"end":{"line":7,"column":76}},"7":{"start":{"line":8,"column":4},"end":{"line":17,"column":8}},"8":{"start":{"line":10,"column":8},"end":{"line":10,"column":15}},"9":{"start":{"line":13,"column":8},"end":{"line":13,"column":34}},"10":{"start":{"line":16,"column":8},"end":{"line":16,"column":36}},"11":{"start":{"line":20,"column":2},"end":{"line":31,"column":3}},"12":{"start":{"line":21,"column":4},"end":{"line":30,"column":6}},"13":{"start":{"line":22,"column":6},"end":{"line":25,"column":7}},"14":{"start":{"line":24,"column":8},"end":{"line":24,"column":59}},"15":{"start":{"line":24,"column":27},"end":{"line":24,"column":59}},"16":{"start":{"line":26,"column":6},"end":{"line":29,"column":7}},"17":{"start":{"line":27,"column":8},"end":{"line":27,"column":58}},"18":{"start":{"line":27,"column":27},"end":{"line":27,"column":58}},"19":{"start":{"line":28,"column":8},"end":{"line":28,"column":21}},"20":{"start":{"line":33,"column":2},"end":{"line":33,"column":15}}},"branchMap":{"1":{"line":24,"type":"if","locations":[{"start":{"line":24,"column":8},"end":{"line":24,"column":8}},{"start":{"line":24,"column":8},"end":{"line":24,"column":8}}]},"2":{"line":26,"type":"if","locations":[{"start":{"line":26,"column":6},"end":{"line":26,"column":6}},{"start":{"line":26,"column":6},"end":{"line":26,"column":6}}]},"3":{"line":27,"type":"if","locations":[{"start":{"line":27,"column":8},"end":{"line":27,"column":8}},{"start":{"line":27,"column":8},"end":{"line":27,"column":8}}]}},"code":["module.exports = function(siOptions) {","  var siUtil = {}","","  siUtil.countDocs = function (callback) {","    var count = 0","    const gte = 'DOCUMENT' + siOptions.keySeparator","    const lte = 'DOCUMENT' + siOptions.keySeparator + siOptions.keySeparator","    siOptions.indexes.createReadStream({gte: gte, lte: lte})","      .on('data', function (data) {","        count++","      })","      .on('error', function (err) {","        return callback(err, null)","      })","      .on('end', function () {","        return callback(null, count)","      })","  }","","  siUtil.close = function (callback) {","    siOptions.indexes.close(function (err) {","      while (!siOptions.indexes.isClosed()) {","        //log not always working here- investigate","        if (siOptions.log) siOptions.log.info('closing...')","      }","      if (siOptions.indexes.isClosed()) {","        if (siOptions.log) siOptions.log.info('closed...')","        callback(err)","      }","    })","  }","","  return siUtil","}",""],"l":{"1":1,"2":0,"4":0,"5":0,"6":0,"7":0,"8":0,"10":0,"13":0,"16":0,"20":0,"21":0,"22":0,"24":0,"26":0,"27":0,"28":0,"33":0}}}